This is LuaHBTeX, Version 1.17.0 (TeX Live 2023/Fedora 39)  (format=lualatex 2025.10.30)  6 MAR 2026 13:51
 system commands enabled.
**fig1.tex
(./fig1.tex
LaTeX2e <2022-11-01> patch level 1
Lua module: luaotfload 2022-10-03 3.23 Lua based OpenType font support
Lua module: lualibs 2022-10-04 2.75 ConTeXt Lua standard libraries.
Lua module: lualibs-extended 2022-10-04 2.75 ConTeXt Lua libraries -- extended c
ollection.
luaotfload | conf : Root cache directory is "/home/ishanu/.texlive2021/texmf-var
/luatex-cache/generic/names".
luaotfload | init : Loading fontloader "fontloader-2022-10-03.lua" from kpse-res
olved path "/usr/share/texlive/texmf-dist/tex/luatex/luaotfload/fontloader-2022-
10-03.lua".
Lua-only attribute luaotfload@noligature = 1
luaotfload | init : Context OpenType loader version 3.120
Inserting `luaotfload.node_processor' in `pre_linebreak_filter'.
Inserting `luaotfload.node_processor' in `hpack_filter'.
Inserting `luaotfload.glyph_stream' in `glyph_stream_provider'.
Inserting `luaotfload.define_font' in `define_font'.
Lua-only attribute luaotfload_color_attribute = 2
luaotfload | conf : Root cache directory is "/home/ishanu/.texlive2021/texmf-var
/luatex-cache/generic/names".
Inserting `luaotfload.harf.strip_prefix' in `find_opentype_file'.
Inserting `luaotfload.harf.strip_prefix' in `find_truetype_file'.
Removing  `luaotfload.glyph_stream' from `glyph_stream_provider'.
Inserting `luaotfload.harf.glyphstream' in `glyph_stream_provider'.
Inserting `luaotfload.harf.finalize_vlist' in `post_linebreak_filter'.
Inserting `luaotfload.harf.finalize_hlist' in `hpack_filter'.
Inserting `luaotfload.cleanup_files' in `wrapup_run'.
Inserting `luaotfload.harf.finalize_unicode' in `finish_pdffile'.
Inserting `luaotfload.glyphinfo' in `glyph_info'.
Lua-only attribute luaotfload.letterspace_done = 3
Inserting `luaotfload.aux.set_sscale_dimens' in `luaotfload.patch_font'.
Inserting `luaotfload.aux.set_font_index' in `luaotfload.patch_font'.
Inserting `luaotfload.aux.patch_cambria_domh' in `luaotfload.patch_font'.
Inserting `luaotfload.aux.fixup_fontdata' in `luaotfload.patch_font_unsafe'.
Inserting `luaotfload.aux.set_capheight' in `luaotfload.patch_font'.
Inserting `luaotfload.aux.set_xheight' in `luaotfload.patch_font'.
Inserting `luaotfload.rewrite_fontname' in `luaotfload.patch_font'. L3 programm
ing layer <2023-02-22>
Inserting `tracingstacklevels' in `input_level_string'.
(/usr/share/texlive/texmf-dist/tex/latex/ieeetran/IEEEtran.cls
Document Class: IEEEtran 2015/08/26 V1.8b by Michael Shell
-- See the "IEEEtran_HOWTO" manual for usage information.
-- http://www.michaelshell.org/tex/ieeetran/
\@IEEEtrantmpdimenA=\dimen139
\@IEEEtrantmpdimenB=\dimen140
\@IEEEtrantmpdimenC=\dimen141
\@IEEEtrantmpcountA=\count183
\@IEEEtrantmpcountB=\count184
\@IEEEtrantmpcountC=\count185
\@IEEEtrantmptoksA=\toks16
LaTeX Font Info:    Trying to load font information for TU+ptm on input line 50
3.
LaTeX Font Info:    No file TUptm.fd. on input line 503.

LaTeX Font Warning: Font shape `TU/ptm/m/n' undefined
(Font)              using `TU/lmr/m/n' instead on input line 503.

luaotfload | db : Font names database loaded from /home/ishanu/.texlive2021/texm
f-var/luatex-cache/generic/names/luaotfload-names.luc.gz
-- Using 8.5in x 11in (letter) paper.
-- Using DVI output.
\@IEEEnormalsizeunitybaselineskip=\dimen142
-- This is a 10 point document.
\CLASSINFOnormalsizebaselineskip=\dimen143
\CLASSINFOnormalsizeunitybaselineskip=\dimen144
\IEEEnormaljot=\dimen145

LaTeX Font Warning: Font shape `TU/ptm/bx/n' undefined
(Font)              using `TU/ptm/m/n' instead on input line 1090.


LaTeX Font Warning: Font shape `TU/ptm/m/it' undefined
(Font)              using `TU/ptm/m/n' instead on input line 1090.


LaTeX Font Warning: Font shape `TU/ptm/bx/it' undefined
(Font)              using `TU/ptm/bx/n' instead on input line 1090.

\IEEEquantizedlength=\dimen146
\IEEEquantizedlengthdiff=\dimen147
\IEEEquantizedtextheightdiff=\dimen148
\IEEEilabelindentA=\dimen149
\IEEEilabelindentB=\dimen150
\IEEEilabelindent=\dimen151
\IEEEelabelindent=\dimen152
\IEEEdlabelindent=\dimen153
\IEEElabelindent=\dimen154
\IEEEiednormlabelsep=\dimen155
\IEEEiedmathlabelsep=\dimen156
\IEEEiedtopsep=\skip48
\c@section=\count186
\c@subsection=\count187
\c@subsubsection=\count188
\c@paragraph=\count189
\c@IEEEsubequation=\count190
\abovecaptionskip=\skip49
\belowcaptionskip=\skip50
\c@figure=\count191
\c@table=\count192
\@IEEEeqnnumcols=\count193
\@IEEEeqncolcnt=\count194
\@IEEEsubeqnnumrollback=\count195
\@IEEEquantizeheightA=\dimen157
\@IEEEquantizeheightB=\dimen158
\@IEEEquantizeheightC=\dimen159
\@IEEEquantizeprevdepth=\dimen160
\@IEEEquantizemultiple=\count196
\@IEEEquantizeboxA=\box51
\@IEEEtmpitemindent=\dimen161
\IEEEPARstartletwidth=\dimen162
\c@IEEEbiography=\count197
\@IEEEtranrubishbin=\box52
) (/usr/share/texlive/texmf-dist/tex/latex/enumitem/enumitem.sty
Package: enumitem 2019/06/20 v3.9 Customized lists
\enitkv@toks@=\toks17
\labelindent=\skip51
\enit@outerparindent=\dimen163
\enit@toks=\toks18
\enit@inbox=\box53
\enit@count@id=\count198
\enitdp@description=\count199
)
(./preamble.tex (/usr/share/texlive/texmf-dist/tex/latex/etex-pkg/etex.sty
Package: etex 2016/08/01 v2.7 eTeX basic definition package (PEB,DPC)
\et@xins=\count266
)
(/usr/share/texlive/texmf-dist/tex/latex/amsfonts/amssymb.sty
Package: amssymb 2013/01/14 v3.01 AMS font symbols

(/usr/share/texlive/texmf-dist/tex/latex/amsfonts/amsfonts.sty
Package: amsfonts 2013/01/14 v3.01 Basic AMSFonts support
\@emptytoks=\toks19
\symAMSa=\mathgroup4
\symAMSb=\mathgroup5
LaTeX Font Info:    Redeclaring math symbol \hbar on input line 98.
LaTeX Font Info:    Overwriting math alphabet `\mathfrak' in version `bold'
(Font)                  U/euf/m/n --> U/euf/b/n on input line 106.
))
(/usr/share/texlive/texmf-dist/tex/latex/amsmath/amsmath.sty
Package: amsmath 2022/04/08 v2.17n AMS math features
\@mathmargin=\skip52

For additional information on amsmath, use the `?' option.
(/usr/share/texlive/texmf-dist/tex/latex/amsmath/amstext.sty
Package: amstext 2021/08/26 v2.01 AMS text

(/usr/share/texlive/texmf-dist/tex/latex/amsmath/amsgen.sty
File: amsgen.sty 1999/11/30 v2.0 generic functions
\@emptytoks=\toks20
\ex@=\dimen164
))
(/usr/share/texlive/texmf-dist/tex/latex/amsmath/amsbsy.sty
Package: amsbsy 1999/11/29 v1.2d Bold Symbols
\pmbraise@=\dimen165
)
(/usr/share/texlive/texmf-dist/tex/latex/amsmath/amsopn.sty
Package: amsopn 2022/04/08 v2.04 operator names
)
Normal \count register pool exhausted, switching to extended pool.
\inf@bad=\count277
LaTeX Info: Redefining \frac on input line 236.
\uproot@=\count278
\leftroot@=\count279
LaTeX Info: Redefining \overline on input line 399.
LaTeX Info: Redefining \colon on input line 410.
\classnum@=\count280
\DOTSCASE@=\count281
LaTeX Info: Redefining \ldots on input line 496.
LaTeX Info: Redefining \dots on input line 499.
LaTeX Info: Redefining \cdots on input line 620.
\Mathstrutbox@=\box54
\strutbox@=\box55
LaTeX Info: Redefining \big on input line 722.
LaTeX Info: Redefining \Big on input line 723.
LaTeX Info: Redefining \bigg on input line 724.
LaTeX Info: Redefining \Bigg on input line 725.
\big@size=\dimen166
LaTeX Font Info:    Redeclaring font encoding OML on input line 743.
LaTeX Font Info:    Redeclaring font encoding OMS on input line 744.
\macc@depth=\count282
LaTeX Info: Redefining \bmod on input line 905.
LaTeX Info: Redefining \pmod on input line 910.
LaTeX Info: Redefining \smash on input line 940.
LaTeX Info: Redefining \relbar on input line 970.
LaTeX Info: Redefining \Relbar on input line 971.
\c@MaxMatrixCols=\count283
\dotsspace@=\muskip16
\c@parentequation=\count284
\dspbrk@lvl=\count285
\tag@help=\toks21
\row@=\count286
\column@=\count287
\maxfields@=\count288
\andhelp@=\toks22
\eqnshift@=\dimen167
\alignsep@=\dimen168
\tagshift@=\dimen169
\tagwidth@=\dimen170
\totwidth@=\dimen171
\lineht@=\dimen172
\@envbody=\toks23
\multlinegap=\skip53
\multlinetaggap=\skip54
\mathdisplay@stack=\toks24
LaTeX Info: Redefining \[ on input line 2953.
LaTeX Info: Redefining \] on input line 2954.
)
(/usr/share/texlive/texmf-dist/tex/latex/amscls/amsthm.sty
Package: amsthm 2020/05/29 v2.20.6
\thm@style=\toks25
\thm@bodyfont=\toks26
\thm@headfont=\toks27
\thm@notefont=\toks28
\thm@headpunct=\toks29
\thm@preskip=\skip55
\thm@postskip=\skip56
\thm@headsep=\skip57
\dth@everypar=\toks30
)
(/usr/share/texlive/texmf-dist/tex/latex/graphics/graphicx.sty
Package: graphicx 2021/09/16 v1.2d Enhanced LaTeX Graphics (DPC,SPQR)

(/usr/share/texlive/texmf-dist/tex/latex/graphics/keyval.sty
Package: keyval 2022/05/29 v1.15 key=value parser (DPC)
\KV@toks@=\toks31
)
(/usr/share/texlive/texmf-dist/tex/latex/graphics/graphics.sty
Package: graphics 2022/03/10 v1.4e Standard LaTeX Graphics (DPC,SPQR)

(/usr/share/texlive/texmf-dist/tex/latex/graphics/trig.sty
Package: trig 2021/08/11 v1.11 sin cos tan (DPC)
)
(/usr/share/texlive/texmf-dist/tex/latex/graphics-cfg/graphics.cfg
File: graphics.cfg 2016/06/04 v1.11 sample graphics configuration
)
Package graphics Info: Driver file: luatex.def on input line 107.

(/usr/share/texlive/texmf-dist/tex/latex/graphics-def/luatex.def
File: luatex.def 2022/09/22 v1.2d Graphics/color driver for luatex
))
\Gin@req@height=\dimen173
\Gin@req@width=\dimen174
)
(/usr/share/texlive/texmf-dist/tex/latex/xcolor/xcolor.sty
Package: xcolor 2022/06/12 v2.14 LaTeX color extensions (UK)

(/usr/share/texlive/texmf-dist/tex/latex/graphics-cfg/color.cfg
File: color.cfg 2016/01/02 v1.6 sample color configuration
)
Package xcolor Info: Package option `usenames' ignored on input line 218.
Package xcolor Info: Driver file: luatex.def on input line 227.

(/usr/share/texlive/texmf-dist/tex/latex/graphics/mathcolor.ltx)
Package xcolor Info: Model `cmy' substituted by `cmy0' on input line 1353.
Package xcolor Info: Model `hsb' substituted by `rgb' on input line 1357.
Package xcolor Info: Model `RGB' extended on input line 1369.
Package xcolor Info: Model `HTML' substituted by `rgb' on input line 1371.
Package xcolor Info: Model `Hsb' substituted by `hsb' on input line 1372.
Package xcolor Info: Model `tHsb' substituted by `hsb' on input line 1373.
Package xcolor Info: Model `HSB' substituted by `hsb' on input line 1374.
Package xcolor Info: Model `Gray' substituted by `gray' on input line 1375.
Package xcolor Info: Model `wave' substituted by `hsb' on input line 1376.

(/usr/share/texlive/texmf-dist/tex/latex/graphics/dvipsnam.def
File: dvipsnam.def 2016/06/17 v3.0m Driver-dependent file (DPC,SPQR)
)
(/usr/share/texlive/texmf-dist/tex/latex/xcolor/svgnam.def
File: svgnam.def 2022/06/12 v2.14 Predefined colors according to SVG 1.1 (UK)
)
(/usr/share/texlive/texmf-dist/tex/latex/xcolor/x11nam.def
File: x11nam.def 2022/06/12 v2.14 Predefined colors according to Unix/X11 (UK)
))
(/usr/share/texlive/texmf-dist/tex/latex/doublestroke/dsfont.sty
Package: dsfont 1995/08/01 v0.1 Double stroke roman fonts
)
(/usr/share/texlive/texmf-dist/tex/latex/jknapltx/mathrsfs.sty
Package: mathrsfs 1996/01/01 Math RSFS package v1.0 (jk)
\symrsfs=\mathgroup6
)
(/usr/share/texlive/texmf-dist/tex/latex/texshade/texshade.sty
Package: texshade 2022/08/29 LaTeX TeXshade (v1.26a)

Package `texshade', Version 1.26a of 2022/08/29.
\structurefile=\read2
\featurefile=\write3
\alignfile=\read3
\sublogofile=\read4
\exp@rtfile=\write4
\exp@rt@chimerafile=\write5
\symalphahelix=\mathgroup7
\loopcount=\count289
\innerloopcount=\count290
\outerloopcount=\count291
\seq@count=\count292
\killseq@count=\count293
\seq@percent=\count294
\res@count=\count295
\seq@pointer=\count296
\pos@count=\count297
\res@perline=\count298
\end@count=\count299
\cons@count=\count300
\total@count=\count301
\temp@count=\count302
\triple@count=\count303
\temp@@count=\count304
\pos@sum=\count305
\box@width=\skip58
\name@width=\skip59
\box@depth=\skip60
\width@tmp=\skip61
\box@height=\skip62
\number@width=\skip63
\line@stretch=\skip64
\center@fill=\skip65
\arrow@width=\skip66
\arrow@height=\skip67
\rule@thick=\skip68
\arrow@thick=\skip69
\logo@height=\skip70
\equal@width=\skip71
\equal@tmp=\skip72
\equal@height=\skip73
\temp@@length=\skip74
\vspace@legend=\skip75
\hspace@legend=\skip76
\bar@length=\skip77
)
(/usr/share/texlive/texmf-dist/tex/latex/hyperref/hyperref.sty
Package: hyperref 2023-02-07 v7.00v Hypertext links for LaTeX

(/usr/share/texlive/texmf-dist/tex/generic/ltxcmds/ltxcmds.sty
Package: ltxcmds 2020-05-10 v1.25 LaTeX kernel commands for general use (HO)
)
(/usr/share/texlive/texmf-dist/tex/generic/iftex/iftex.sty
Package: iftex 2022/02/03 v1.0f TeX engine tests
)
(/usr/share/texlive/texmf-dist/tex/generic/pdftexcmds/pdftexcmds.sty
Package: pdftexcmds 2020-06-27 v0.33 Utility functions of pdfTeX for LuaTeX (HO
)

(/usr/share/texlive/texmf-dist/tex/generic/infwarerr/infwarerr.sty
Package: infwarerr 2019/12/03 v1.5 Providing info/warning/error messages (HO)
)
Package pdftexcmds Info: \pdf@primitive is available.
Package pdftexcmds Info: \pdf@ifprimitive is available.
Package pdftexcmds Info: \pdfdraftmode found.
\pdftexcmds@toks=\toks32
)
(/usr/share/texlive/texmf-dist/tex/latex/kvsetkeys/kvsetkeys.sty
Package: kvsetkeys 2022-10-05 v1.19 Key value parser (HO)
)
(/usr/share/texlive/texmf-dist/tex/generic/kvdefinekeys/kvdefinekeys.sty
Package: kvdefinekeys 2019-12-19 v1.6 Define keys (HO)
)
(/usr/share/texlive/texmf-dist/tex/generic/pdfescape/pdfescape.sty
Package: pdfescape 2019/12/09 v1.15 Implements pdfTeX's escape features (HO)
)
(/usr/share/texlive/texmf-dist/tex/latex/hycolor/hycolor.sty
Package: hycolor 2020-01-27 v1.10 Color options for hyperref/bookmark (HO)
)
(/usr/share/texlive/texmf-dist/tex/latex/letltxmacro/letltxmacro.sty
Package: letltxmacro 2019/12/03 v1.6 Let assignment for LaTeX macros (HO)
)
(/usr/share/texlive/texmf-dist/tex/latex/auxhook/auxhook.sty
Package: auxhook 2019-12-17 v1.6 Hooks for auxiliary files (HO)
)
(/usr/share/texlive/texmf-dist/tex/latex/hyperref/nameref.sty
Package: nameref 2022-05-17 v2.50 Cross-referencing by name of section

(/usr/share/texlive/texmf-dist/tex/latex/refcount/refcount.sty
Package: refcount 2019/12/15 v3.6 Data extraction from label references (HO)
)
(/usr/share/texlive/texmf-dist/tex/generic/gettitlestring/gettitlestring.sty
Package: gettitlestring 2019/12/15 v1.6 Cleanup title references (HO)

(/usr/share/texlive/texmf-dist/tex/latex/kvoptions/kvoptions.sty
Package: kvoptions 2022-06-15 v3.15 Key value format for package options (HO)
))
\c@section@level=\count306
)
\@linkdim=\dimen175
\Hy@linkcounter=\count307
\Hy@pagecounter=\count308

(/usr/share/texlive/texmf-dist/tex/latex/hyperref/pd1enc.def
File: pd1enc.def 2023-02-07 v7.00v Hyperref: PDFDocEncoding definition (HO)
)
(/usr/share/texlive/texmf-dist/tex/generic/intcalc/intcalc.sty
Package: intcalc 2019/12/15 v1.3 Expandable calculations with integers (HO)
)
(/usr/share/texlive/texmf-dist/tex/generic/etexcmds/etexcmds.sty
Package: etexcmds 2019/12/15 v1.7 Avoid name clashes with e-TeX commands (HO)
)
\Hy@SavedSpaceFactor=\count309

(/usr/share/texlive/texmf-dist/tex/latex/hyperref/puenc.def
File: puenc.def 2023-02-07 v7.00v Hyperref: PDF Unicode definition (HO)
)
Package hyperref Info: Hyper figures OFF on input line 4177.
Package hyperref Info: Link nesting OFF on input line 4182.
Package hyperref Info: Hyper index ON on input line 4185.
Package hyperref Info: Plain pages OFF on input line 4192.
Package hyperref Info: Backreferencing OFF on input line 4197.
Package hyperref Info: Implicit mode ON; LaTeX internals redefined.
Package hyperref Info: Bookmarks ON on input line 4425.
\c@Hy@tempcnt=\count310

(/usr/share/texlive/texmf-dist/tex/latex/url/url.sty
\Urlmuskip=\muskip17
Package: url 2013/09/16  ver 3.4  Verb mode for urls, etc.
)
LaTeX Info: Redefining \url on input line 4763.
\XeTeXLinkMargin=\dimen176

(/usr/share/texlive/texmf-dist/tex/generic/bitset/bitset.sty
Package: bitset 2019/12/09 v1.3 Handle bit-vector datatype (HO)

(/usr/share/texlive/texmf-dist/tex/generic/bigintcalc/bigintcalc.sty
Package: bigintcalc 2019/12/15 v1.5 Expandable calculations on big integers (HO
)
))
\Fld@menulength=\count311
\Field@Width=\dimen177
\Fld@charsize=\dimen178
Package hyperref Info: Hyper figures OFF on input line 6042.
Package hyperref Info: Link nesting OFF on input line 6047.
Package hyperref Info: Hyper index ON on input line 6050.
Package hyperref Info: backreferencing OFF on input line 6057.
Package hyperref Info: Link coloring OFF on input line 6062.
Package hyperref Info: Link coloring with OCG OFF on input line 6067.
Package hyperref Info: PDF/A mode OFF on input line 6072.

(/usr/share/texlive/texmf-dist/tex/latex/base/atbegshi-ltx.sty
Package: atbegshi-ltx 2021/01/10 v1.0c Emulation of the original atbegshi
package with kernel methods
)
\Hy@abspage=\count312
\c@Item=\count313
\c@Hfootnote=\count314
)
Package hyperref Info: Driver (autodetected): hluatex.

(/usr/share/texlive/texmf-dist/tex/latex/hyperref/hluatex.def
File: hluatex.def 2023-02-07 v7.00v Hyperref driver for luaTeX

(/usr/share/texlive/texmf-dist/tex/generic/stringenc/stringenc.sty
Package: stringenc 2019/11/29 v1.12 Convert strings between diff. encodings (HO
)
)
(/usr/share/texlive/texmf-dist/tex/latex/base/atveryend-ltx.sty
Package: atveryend-ltx 2020/08/19 v1.0a Emulation of the original atveryend pac
kage
with kernel methods
)
\Fld@listcount=\count315
\c@bookmark@seq@number=\count316

(/usr/share/texlive/texmf-dist/tex/latex/rerunfilecheck/rerunfilecheck.sty
Package: rerunfilecheck 2022-07-10 v1.10 Rerun checks for auxiliary files (HO)

(/usr/share/texlive/texmf-dist/tex/generic/uniquecounter/uniquecounter.sty
Package: uniquecounter 2019/12/15 v1.4 Provide unlimited unique counter (HO)
)
Package uniquecounter Info: New unique counter `rerunfilecheck' on input line 2
85.
)
\Hy@SectionHShift=\skip78
)
Package hyperref Info: Option `colorlinks' set `true' on input line 20.
Package hyperref Info: Option `breaklinks' set `false' on input line 20.

(/usr/share/texlive/texmf-dist/tex/latex/pgf/frontendlayer/tikz.sty
(/usr/share/texlive/texmf-dist/tex/latex/pgf/basiclayer/pgf.sty
(/usr/share/texlive/texmf-dist/tex/latex/pgf/utilities/pgfrcs.sty
(/usr/share/texlive/texmf-dist/tex/generic/pgf/utilities/pgfutil-common.tex
\pgfutil@everybye=\toks33
\pgfutil@tempdima=\dimen179
\pgfutil@tempdimb=\dimen180
)
(/usr/share/texlive/texmf-dist/tex/generic/pgf/utilities/pgfutil-latex.def
\pgfutil@abb=\box56
)
(/usr/share/texlive/texmf-dist/tex/generic/pgf/utilities/pgfrcs.code.tex
(/usr/share/texlive/texmf-dist/tex/generic/pgf/pgf.revision.tex)
Package: pgfrcs 2023-01-15 v3.1.10 (3.1.10)
))
Package: pgf 2023-01-15 v3.1.10 (3.1.10)

(/usr/share/texlive/texmf-dist/tex/latex/pgf/basiclayer/pgfcore.sty
(/usr/share/texlive/texmf-dist/tex/latex/pgf/systemlayer/pgfsys.sty
(/usr/share/texlive/texmf-dist/tex/generic/pgf/systemlayer/pgfsys.code.tex
Package: pgfsys 2023-01-15 v3.1.10 (3.1.10)

(/usr/share/texlive/texmf-dist/tex/generic/pgf/utilities/pgfkeys.code.tex
\pgfkeys@pathtoks=\toks34
\pgfkeys@temptoks=\toks35

(/usr/share/texlive/texmf-dist/tex/generic/pgf/utilities/pgfkeyslibraryfiltered
.code.tex
\pgfkeys@tmptoks=\toks36
))
\pgf@x=\dimen181
\pgf@y=\dimen182
\pgf@xa=\dimen183
\pgf@ya=\dimen184
\pgf@xb=\dimen185
\pgf@yb=\dimen186
\pgf@xc=\dimen187
\pgf@yc=\dimen188
\pgf@xd=\dimen189
\pgf@yd=\dimen190
\w@pgf@writea=\write6
\r@pgf@reada=\read5
\c@pgf@counta=\count317
\c@pgf@countb=\count318
\c@pgf@countc=\count319
\c@pgf@countd=\count320
\t@pgf@toka=\toks37
\t@pgf@tokb=\toks38
\t@pgf@tokc=\toks39
\pgf@sys@id@count=\count321
 (/usr/share/texlive/texmf-dist/tex/generic/pgf/systemlayer/pgf.cfg
File: pgf.cfg 2023-01-15 v3.1.10 (3.1.10)
)
Driver file for pgf: pgfsys-luatex.def
(/usr/share/texlive/texmf-dist/tex/generic/pgf/systemlayer/pgfsys-luatex.def
File: pgfsys-luatex.def 2023-01-15 v3.1.10 (3.1.10)

(/usr/share/texlive/texmf-dist/tex/generic/pgf/systemlayer/pgfsys-common-pdf.de
f
File: pgfsys-common-pdf.def 2023-01-15 v3.1.10 (3.1.10)
)))
(/usr/share/texlive/texmf-dist/tex/generic/pgf/systemlayer/pgfsyssoftpath.code.
tex
File: pgfsyssoftpath.code.tex 2023-01-15 v3.1.10 (3.1.10)
\pgfsyssoftpath@smallbuffer@items=\count322
\pgfsyssoftpath@bigbuffer@items=\count323
)
(/usr/share/texlive/texmf-dist/tex/generic/pgf/systemlayer/pgfsysprotocol.code.
tex
File: pgfsysprotocol.code.tex 2023-01-15 v3.1.10 (3.1.10)
))
(/usr/share/texlive/texmf-dist/tex/generic/pgf/basiclayer/pgfcore.code.tex
Package: pgfcore 2023-01-15 v3.1.10 (3.1.10)

(/usr/share/texlive/texmf-dist/tex/generic/pgf/math/pgfmath.code.tex
(/usr/share/texlive/texmf-dist/tex/generic/pgf/math/pgfmathutil.code.tex)
(/usr/share/texlive/texmf-dist/tex/generic/pgf/math/pgfmathparser.code.tex
\pgfmath@dimen=\dimen191
\pgfmath@count=\count324
\pgfmath@box=\box57
\pgfmath@toks=\toks40
\pgfmath@stack@operand=\toks41
\pgfmath@stack@operation=\toks42
)
(/usr/share/texlive/texmf-dist/tex/generic/pgf/math/pgfmathfunctions.code.tex)
(/usr/share/texlive/texmf-dist/tex/generic/pgf/math/pgfmathfunctions.basic.code
.tex)
(/usr/share/texlive/texmf-dist/tex/generic/pgf/math/pgfmathfunctions.trigonomet
ric.code.tex)
(/usr/share/texlive/texmf-dist/tex/generic/pgf/math/pgfmathfunctions.random.cod
e.tex)
(/usr/share/texlive/texmf-dist/tex/generic/pgf/math/pgfmathfunctions.comparison
.code.tex)
(/usr/share/texlive/texmf-dist/tex/generic/pgf/math/pgfmathfunctions.base.code.
tex)
(/usr/share/texlive/texmf-dist/tex/generic/pgf/math/pgfmathfunctions.round.code
.tex)
(/usr/share/texlive/texmf-dist/tex/generic/pgf/math/pgfmathfunctions.misc.code.
tex)
(/usr/share/texlive/texmf-dist/tex/generic/pgf/math/pgfmathfunctions.integerari
thmetics.code.tex)
(/usr/share/texlive/texmf-dist/tex/generic/pgf/math/pgfmathcalc.code.tex)
(/usr/share/texlive/texmf-dist/tex/generic/pgf/math/pgfmathfloat.code.tex
\c@pgfmathroundto@lastzeros=\count325
))
(/usr/share/texlive/texmf-dist/tex/generic/pgf/math/pgfint.code.tex)
(/usr/share/texlive/texmf-dist/tex/generic/pgf/basiclayer/pgfcorepoints.code.te
x
File: pgfcorepoints.code.tex 2023-01-15 v3.1.10 (3.1.10)
\pgf@picminx=\dimen192
\pgf@picmaxx=\dimen193
\pgf@picminy=\dimen194
\pgf@picmaxy=\dimen195
\pgf@pathminx=\dimen196
\pgf@pathmaxx=\dimen197
\pgf@pathminy=\dimen198
\pgf@pathmaxy=\dimen199
Normal \dimen register pool exhausted, switching to extended pool.
\pgf@xx=\dimen256
\pgf@xy=\dimen257
\pgf@yx=\dimen258
\pgf@yy=\dimen259
\pgf@zx=\dimen260
\pgf@zy=\dimen261
)
(/usr/share/texlive/texmf-dist/tex/generic/pgf/basiclayer/pgfcorepathconstruct.
code.tex
File: pgfcorepathconstruct.code.tex 2023-01-15 v3.1.10 (3.1.10)
\pgf@path@lastx=\dimen262
\pgf@path@lasty=\dimen263
)
(/usr/share/texlive/texmf-dist/tex/generic/pgf/basiclayer/pgfcorepathusage.code
.tex
File: pgfcorepathusage.code.tex 2023-01-15 v3.1.10 (3.1.10)
\pgf@shorten@end@additional=\dimen264
\pgf@shorten@start@additional=\dimen265
)
(/usr/share/texlive/texmf-dist/tex/generic/pgf/basiclayer/pgfcorescopes.code.te
x
File: pgfcorescopes.code.tex 2023-01-15 v3.1.10 (3.1.10)
\pgfpic=\box58
\pgf@hbox=\box59
\pgf@layerbox@main=\box60
\pgf@picture@serial@count=\count326
)
(/usr/share/texlive/texmf-dist/tex/generic/pgf/basiclayer/pgfcoregraphicstate.c
ode.tex
File: pgfcoregraphicstate.code.tex 2023-01-15 v3.1.10 (3.1.10)
\pgflinewidth=\dimen266
)
(/usr/share/texlive/texmf-dist/tex/generic/pgf/basiclayer/pgfcoretransformation
s.code.tex
File: pgfcoretransformations.code.tex 2023-01-15 v3.1.10 (3.1.10)
\pgf@pt@x=\dimen267
\pgf@pt@y=\dimen268
\pgf@pt@temp=\dimen269
)
(/usr/share/texlive/texmf-dist/tex/generic/pgf/basiclayer/pgfcorequick.code.tex
File: pgfcorequick.code.tex 2023-01-15 v3.1.10 (3.1.10)
)
(/usr/share/texlive/texmf-dist/tex/generic/pgf/basiclayer/pgfcoreobjects.code.t
ex
File: pgfcoreobjects.code.tex 2023-01-15 v3.1.10 (3.1.10)
)
(/usr/share/texlive/texmf-dist/tex/generic/pgf/basiclayer/pgfcorepathprocessing
.code.tex
File: pgfcorepathprocessing.code.tex 2023-01-15 v3.1.10 (3.1.10)
)
(/usr/share/texlive/texmf-dist/tex/generic/pgf/basiclayer/pgfcorearrows.code.te
x
File: pgfcorearrows.code.tex 2023-01-15 v3.1.10 (3.1.10)
\pgfarrowsep=\dimen270
)
(/usr/share/texlive/texmf-dist/tex/generic/pgf/basiclayer/pgfcoreshade.code.tex
File: pgfcoreshade.code.tex 2023-01-15 v3.1.10 (3.1.10)
\pgf@max=\dimen271
\pgf@sys@shading@range@num=\count327
\pgf@shadingcount=\count328
)
(/usr/share/texlive/texmf-dist/tex/generic/pgf/basiclayer/pgfcoreimage.code.tex
File: pgfcoreimage.code.tex 2023-01-15 v3.1.10 (3.1.10)
)
(/usr/share/texlive/texmf-dist/tex/generic/pgf/basiclayer/pgfcoreexternal.code.
tex
File: pgfcoreexternal.code.tex 2023-01-15 v3.1.10 (3.1.10)
\pgfexternal@startupbox=\box61
)
(/usr/share/texlive/texmf-dist/tex/generic/pgf/basiclayer/pgfcorelayers.code.te
x
File: pgfcorelayers.code.tex 2023-01-15 v3.1.10 (3.1.10)
)
(/usr/share/texlive/texmf-dist/tex/generic/pgf/basiclayer/pgfcoretransparency.c
ode.tex
File: pgfcoretransparency.code.tex 2023-01-15 v3.1.10 (3.1.10)
)
(/usr/share/texlive/texmf-dist/tex/generic/pgf/basiclayer/pgfcorepatterns.code.
tex
File: pgfcorepatterns.code.tex 2023-01-15 v3.1.10 (3.1.10)
)
(/usr/share/texlive/texmf-dist/tex/generic/pgf/basiclayer/pgfcorerdf.code.tex
File: pgfcorerdf.code.tex 2023-01-15 v3.1.10 (3.1.10)
)))
(/usr/share/texlive/texmf-dist/tex/generic/pgf/modules/pgfmoduleshapes.code.tex
File: pgfmoduleshapes.code.tex 2023-01-15 v3.1.10 (3.1.10)
\pgfnodeparttextbox=\box62
) (/usr/share/texlive/texmf-dist/tex/generic/pgf/modules/pgfmoduleplot.code.tex
File: pgfmoduleplot.code.tex 2023-01-15 v3.1.10 (3.1.10)
)
(/usr/share/texlive/texmf-dist/tex/latex/pgf/compatibility/pgfcomp-version-0-65
.sty
Package: pgfcomp-version-0-65 2023-01-15 v3.1.10 (3.1.10)
\pgf@nodesepstart=\dimen272
\pgf@nodesepend=\dimen273
)
(/usr/share/texlive/texmf-dist/tex/latex/pgf/compatibility/pgfcomp-version-1-18
.sty
Package: pgfcomp-version-1-18 2023-01-15 v3.1.10 (3.1.10)
)) (/usr/share/texlive/texmf-dist/tex/latex/pgf/utilities/pgffor.sty
(/usr/share/texlive/texmf-dist/tex/latex/pgf/utilities/pgfkeys.sty
(/usr/share/texlive/texmf-dist/tex/generic/pgf/utilities/pgfkeys.code.tex))
(/usr/share/texlive/texmf-dist/tex/latex/pgf/math/pgfmath.sty
(/usr/share/texlive/texmf-dist/tex/generic/pgf/math/pgfmath.code.tex))
(/usr/share/texlive/texmf-dist/tex/generic/pgf/utilities/pgffor.code.tex
Package: pgffor 2023-01-15 v3.1.10 (3.1.10)
\pgffor@iter=\dimen274
\pgffor@skip=\dimen275
\pgffor@stack=\toks43
\pgffor@toks=\toks44
))
(/usr/share/texlive/texmf-dist/tex/generic/pgf/frontendlayer/tikz/tikz.code.tex
Package: tikz 2023-01-15 v3.1.10 (3.1.10)

(/usr/share/texlive/texmf-dist/tex/generic/pgf/libraries/pgflibraryplothandlers
.code.tex
File: pgflibraryplothandlers.code.tex 2023-01-15 v3.1.10 (3.1.10)
\pgf@plot@mark@count=\count329
\pgfplotmarksize=\dimen276
)
\tikz@lastx=\dimen277
\tikz@lasty=\dimen278
\tikz@lastxsaved=\dimen279
\tikz@lastysaved=\dimen280
\tikz@lastmovetox=\dimen281
\tikz@lastmovetoy=\dimen282
\tikzleveldistance=\dimen283
\tikzsiblingdistance=\dimen284
\tikz@figbox=\box63
\tikz@figbox@bg=\box64
\tikz@tempbox=\box65
\tikz@tempbox@bg=\box66
\tikztreelevel=\count330
\tikznumberofchildren=\count331
\tikznumberofcurrentchild=\count332
\tikz@fig@count=\count333

(/usr/share/texlive/texmf-dist/tex/generic/pgf/modules/pgfmodulematrix.code.tex
File: pgfmodulematrix.code.tex 2023-01-15 v3.1.10 (3.1.10)
\pgfmatrixcurrentrow=\count334
\pgfmatrixcurrentcolumn=\count335
\pgf@matrix@numberofcolumns=\count336
)
\tikz@expandcount=\count337

(/usr/share/texlive/texmf-dist/tex/generic/pgf/frontendlayer/tikz/libraries/tik
zlibrarytopaths.code.tex
File: tikzlibrarytopaths.code.tex 2023-01-15 v3.1.10 (3.1.10)
)))
(/usr/share/texlive/texmf-dist/tex/latex/pgfplots/pgfplots.sty
(/usr/share/texlive/texmf-dist/tex/generic/pgfplots/pgfplots.revision.tex)
Package: pgfplots 2021/05/15 v1.18.1 Data Visualization (1.18.1)

(/usr/share/texlive/texmf-dist/tex/generic/pgfplots/pgfplots.code.tex
(/usr/share/texlive/texmf-dist/tex/generic/pgfplots/pgfplotscore.code.tex
Package pgfplots info on input line 124: Initializing with LUA version Lua 5.3
\pgfplots@luabackend@table=\catcodetable12
\t@pgfplots@toka=\toks45
\t@pgfplots@tokb=\toks46
\t@pgfplots@tokc=\toks47
\pgfplots@tmpa=\dimen285
\c@pgfplots@coordindex=\count338
\c@pgfplots@scanlineindex=\count339

(/usr/share/texlive/texmf-dist/tex/generic/pgfplots/sys/pgfplotssysgeneric.code
.tex))
(/usr/share/texlive/texmf-dist/tex/generic/pgfplots/libs/pgfplotslibrary.code.t
ex)
(/usr/share/texlive/texmf-dist/tex/generic/pgfplots/oldpgfcompatib/pgfplotsoldp
gfsupp_loader.code.tex
(/usr/share/texlive/texmf-dist/tex/generic/pgf/libraries/pgflibraryfpu.code.tex
)
Package pgfplots: loading complementary utilities for your pgf version...
\t@pgf@toka=\toks48
\t@pgf@tokb=\toks49
\t@pgf@tokc=\toks50

(/usr/share/texlive/texmf-dist/tex/generic/pgfplots/oldpgfcompatib/pgfplotsoldp
gfsupp_pgfutil-common-lists.tex)
(/usr/share/texlive/texmf-dist/tex/generic/pgf/libraries/luamath/pgflibraryluam
ath.code.tex)
Package pgfplots info on input line 290: luamath library shipped with pgf 3.1.1
0 is up-to-date
)
(/usr/share/texlive/texmf-dist/tex/generic/pgfplots/util/pgfplotsutil.code.tex
Package pgfplots info on input line 82: Found new luatex: initializing lua comm
ands instead of write18 (shell-escape)

(/usr/share/texlive/texmf-dist/tex/generic/pgfplots/liststructure/pgfplotslists
tructure.code.tex)
(/usr/share/texlive/texmf-dist/tex/generic/pgfplots/liststructure/pgfplotslists
tructureext.code.tex)
(/usr/share/texlive/texmf-dist/tex/generic/pgfplots/liststructure/pgfplotsarray
.code.tex
\c@pgfplotsarray@tmp=\count340
)
(/usr/share/texlive/texmf-dist/tex/generic/pgfplots/liststructure/pgfplotsmatri
x.code.tex)
(/usr/share/texlive/texmf-dist/tex/generic/pgfplots/numtable/pgfplotstableshare
d.code.tex
\c@pgfplotstable@counta=\count341
\t@pgfplotstable@a=\toks51
)
(/usr/share/texlive/texmf-dist/tex/generic/pgfplots/liststructure/pgfplotsdeque
.code.tex)
(/usr/share/texlive/texmf-dist/tex/generic/pgfplots/util/pgfplotsbinary.code.te
x
(/usr/share/texlive/texmf-dist/tex/generic/pgfplots/util/pgfplotsbinary.data.co
de.tex))
(/usr/share/texlive/texmf-dist/tex/generic/pgfplots/util/pgfplotsutil.verb.code
.tex)
(/usr/share/texlive/texmf-dist/tex/generic/pgfplots/libs/pgflibrarypgfplots.sur
fshading.code.tex
\c@pgfplotslibrarysurf@no=\count342

(/usr/share/texlive/texmf-dist/tex/generic/pgfplots/sys/pgflibrarypgfplots.surf
shading.pgfsys-luatex.def)))
(/usr/share/texlive/texmf-dist/tex/generic/pgfplots/util/pgfplotscolormap.code.
tex
(/usr/share/texlive/texmf-dist/tex/generic/pgfplots/util/pgfplotscolor.code.tex
))
(/usr/share/texlive/texmf-dist/tex/generic/pgfplots/pgfplotsstackedplots.code.t
ex)
(/usr/share/texlive/texmf-dist/tex/generic/pgfplots/pgfplotsplothandlers.code.t
ex
(/usr/share/texlive/texmf-dist/tex/generic/pgfplots/pgfplotsmeshplothandler.cod
e.tex
(/usr/share/texlive/texmf-dist/tex/generic/pgfplots/pgfplotsmeshplotimage.code.
tex)))
(/usr/share/texlive/texmf-dist/tex/generic/pgfplots/pgfplots.scaling.code.tex)
(/usr/share/texlive/texmf-dist/tex/generic/pgfplots/pgfplotscoordprocessing.cod
e.tex)
(/usr/share/texlive/texmf-dist/tex/generic/pgfplots/pgfplots.errorbars.code.tex
) (/usr/share/texlive/texmf-dist/tex/generic/pgfplots/pgfplots.markers.code.tex
) (/usr/share/texlive/texmf-dist/tex/generic/pgfplots/pgfplotsticks.code.tex)
(/usr/share/texlive/texmf-dist/tex/generic/pgfplots/pgfplots.paths.code.tex)
(/usr/share/texlive/texmf-dist/tex/generic/pgf/frontendlayer/tikz/libraries/tik
zlibrarydecorations.code.tex
(/usr/share/texlive/texmf-dist/tex/generic/pgf/modules/pgfmoduledecorations.cod
e.tex
\pgfdecoratedcompleteddistance=\dimen286
\pgfdecoratedremainingdistance=\dimen287
\pgfdecoratedinputsegmentcompleteddistance=\dimen288
\pgfdecoratedinputsegmentremainingdistance=\dimen289
\pgf@decorate@distancetomove=\dimen290
\pgf@decorate@repeatstate=\count343
\pgfdecorationsegmentamplitude=\dimen291
\pgfdecorationsegmentlength=\dimen292
)
\tikz@lib@dec@box=\box67
)
(/usr/share/texlive/texmf-dist/tex/generic/pgf/frontendlayer/tikz/libraries/tik
zlibrarydecorations.pathmorphing.code.tex
(/usr/share/texlive/texmf-dist/tex/generic/pgf/libraries/decorations/pgflibrary
decorations.pathmorphing.code.tex))
(/usr/share/texlive/texmf-dist/tex/generic/pgf/frontendlayer/tikz/libraries/tik
zlibrarydecorations.pathreplacing.code.tex
(/usr/share/texlive/texmf-dist/tex/generic/pgf/libraries/decorations/pgflibrary
decorations.pathreplacing.code.tex))
(/usr/share/texlive/texmf-dist/tex/generic/pgfplots/libs/tikzlibrarypgfplots.co
ntourlua.code.tex)
\pgfplots@numplots=\count344
\pgfplots@xmin@reg=\dimen293
\pgfplots@xmax@reg=\dimen294
\pgfplots@ymin@reg=\dimen295
\pgfplots@ymax@reg=\dimen296
\pgfplots@zmin@reg=\dimen297
\pgfplots@zmax@reg=\dimen298
)
(/usr/share/texlive/texmf-dist/tex/generic/pgf/frontendlayer/tikz/libraries/tik
zlibraryplotmarks.code.tex
File: tikzlibraryplotmarks.code.tex 2023-01-15 v3.1.10 (3.1.10)

(/usr/share/texlive/texmf-dist/tex/generic/pgf/libraries/pgflibraryplotmarks.co
de.tex
File: pgflibraryplotmarks.code.tex 2023-01-15 v3.1.10 (3.1.10)
)))
(/usr/share/texlive/texmf-dist/tex/generic/pgf/frontendlayer/tikz/libraries/tik
zlibraryshapes.code.tex
File: tikzlibraryshapes.code.tex 2023-01-15 v3.1.10 (3.1.10)

(/usr/share/texlive/texmf-dist/tex/generic/pgf/frontendlayer/tikz/libraries/tik
zlibraryshapes.geometric.code.tex
File: tikzlibraryshapes.geometric.code.tex 2023-01-15 v3.1.10 (3.1.10)

(/usr/share/texlive/texmf-dist/tex/generic/pgf/libraries/shapes/pgflibraryshape
s.geometric.code.tex
File: pgflibraryshapes.geometric.code.tex 2023-01-15 v3.1.10 (3.1.10)
))
(/usr/share/texlive/texmf-dist/tex/generic/pgf/frontendlayer/tikz/libraries/tik
zlibraryshapes.misc.code.tex
File: tikzlibraryshapes.misc.code.tex 2023-01-15 v3.1.10 (3.1.10)

(/usr/share/texlive/texmf-dist/tex/generic/pgf/libraries/shapes/pgflibraryshape
s.misc.code.tex
File: pgflibraryshapes.misc.code.tex 2023-01-15 v3.1.10 (3.1.10)
))
(/usr/share/texlive/texmf-dist/tex/generic/pgf/frontendlayer/tikz/libraries/tik
zlibraryshapes.symbols.code.tex
File: tikzlibraryshapes.symbols.code.tex 2023-01-15 v3.1.10 (3.1.10)

(/usr/share/texlive/texmf-dist/tex/generic/pgf/libraries/shapes/pgflibraryshape
s.symbols.code.tex
File: pgflibraryshapes.symbols.code.tex 2023-01-15 v3.1.10 (3.1.10)
))
(/usr/share/texlive/texmf-dist/tex/generic/pgf/frontendlayer/tikz/libraries/tik
zlibraryshapes.arrows.code.tex
File: tikzlibraryshapes.arrows.code.tex 2023-01-15 v3.1.10 (3.1.10)

(/usr/share/texlive/texmf-dist/tex/generic/pgf/libraries/shapes/pgflibraryshape
s.arrows.code.tex
File: pgflibraryshapes.arrows.code.tex 2023-01-15 v3.1.10 (3.1.10)
))
(/usr/share/texlive/texmf-dist/tex/generic/pgf/frontendlayer/tikz/libraries/tik
zlibraryshapes.callouts.code.tex
(/usr/share/texlive/texmf-dist/tex/generic/pgf/libraries/shapes/pgflibraryshape
s.callouts.code.tex))
(/usr/share/texlive/texmf-dist/tex/generic/pgf/frontendlayer/tikz/libraries/tik
zlibraryshapes.multipart.code.tex
File: tikzlibraryshapes.multipart.code.tex 2023-01-15 v3.1.10 (3.1.10)

(/usr/share/texlive/texmf-dist/tex/generic/pgf/libraries/shapes/pgflibraryshape
s.multipart.code.tex
File: pgflibraryshapes.multipart.code.tex 2023-01-15 v3.1.10 (3.1.10)
\pgfnodepartlowerbox=\box68
\pgfnodeparttwobox=\box69
\pgfnodepartthreebox=\box70
\pgfnodepartfourbox=\box71
\pgfnodeparttwentybox=\box72
\pgfnodepartnineteenbox=\box73
\pgfnodeparteighteenbox=\box74
\pgfnodepartseventeenbox=\box75
\pgfnodepartsixteenbox=\box76
\pgfnodepartfifteenbox=\box77
\pgfnodepartfourteenbox=\box78
\pgfnodepartthirteenbox=\box79
\pgfnodeparttwelvebox=\box80
\pgfnodepartelevenbox=\box81
\pgfnodeparttenbox=\box82
\pgfnodepartninebox=\box83
\pgfnodeparteightbox=\box84
\pgfnodepartsevenbox=\box85
\pgfnodepartsixbox=\box86
\pgfnodepartfivebox=\box87
)))
(/usr/share/texlive/texmf-dist/tex/generic/pgf/frontendlayer/tikz/libraries/tik
zlibrarycalc.code.tex
File: tikzlibrarycalc.code.tex 2023-01-15 v3.1.10 (3.1.10)
)
(/usr/share/texlive/texmf-dist/tex/generic/pgf/frontendlayer/tikz/libraries/tik
zlibraryshadows.code.tex
File: tikzlibraryshadows.code.tex 2023-01-15 v3.1.10 (3.1.10)

(/usr/share/texlive/texmf-dist/tex/generic/pgf/frontendlayer/tikz/libraries/tik
zlibraryfadings.code.tex
File: tikzlibraryfadings.code.tex 2023-01-15 v3.1.10 (3.1.10)

(/usr/share/texlive/texmf-dist/tex/generic/pgf/libraries/pgflibraryfadings.code
.tex
File: pgflibraryfadings.code.tex 2023-01-15 v3.1.10 (3.1.10)
)))
(/usr/share/texlive/texmf-dist/tex/generic/pgf/frontendlayer/tikz/libraries/tik
zlibraryarrows.code.tex
File: tikzlibraryarrows.code.tex 2023-01-15 v3.1.10 (3.1.10)

(/usr/share/texlive/texmf-dist/tex/generic/pgf/libraries/pgflibraryarrows.code.
tex
File: pgflibraryarrows.code.tex 2023-01-15 v3.1.10 (3.1.10)
\arrowsize=\dimen299
))
(/usr/share/texlive/texmf-dist/tex/generic/pgf/frontendlayer/tikz/libraries/tik
zlibraryautomata.code.tex
File: tikzlibraryautomata.code.tex 2023-01-15 v3.1.10 (3.1.10)
)
(/usr/share/texlive/texmf-dist/tex/generic/pgf/frontendlayer/tikz/libraries/tik
zlibrarypositioning.code.tex
File: tikzlibrarypositioning.code.tex 2023-01-15 v3.1.10 (3.1.10)
)
(/usr/share/texlive/texmf-dist/tex/latex/pgf/frontendlayer/libraries/tikzlibrar
yexternal.code.tex
(/usr/share/texlive/texmf-dist/tex/generic/pgf/frontendlayer/tikz/libraries/tik
zexternalshared.code.tex))
(/usr/share/texlive/texmf-dist/tex/generic/pgf/frontendlayer/tikz/libraries/tik
zlibrarydecorations.text.code.tex
(/usr/share/texlive/texmf-dist/tex/generic/pgf/libraries/decorations/pgflibrary
decorations.text.code.tex
\pgf@lib@dec@text@box=\box88
)
\tikz@lib@dec@te@box=\box89
)
\openout6 = fig1.auxlock

(/usr/share/texlive/texmf-dist/tex/generic/pgf/frontendlayer/tikz/libraries/tik
zlibrarypatterns.code.tex
File: tikzlibrarypatterns.code.tex 2023-01-15 v3.1.10 (3.1.10)

(/usr/share/texlive/texmf-dist/tex/generic/pgf/libraries/pgflibrarypatterns.cod
e.tex
File: pgflibrarypatterns.code.tex 2023-01-15 v3.1.10 (3.1.10)
))
(/usr/share/texlive/texmf-dist/tex/generic/pgf/frontendlayer/tikz/libraries/tik
zlibrarydecorations.markings.code.tex
(/usr/share/texlive/texmf-dist/tex/generic/pgf/libraries/decorations/pgflibrary
decorations.markings.code.tex))
(/usr/share/texlive/texmf-dist/tex/latex/mathtools/mathtools.sty
Package: mathtools 2022/06/29 v1.29 mathematical typesetting tools

(/usr/share/texlive/texmf-dist/tex/latex/tools/calc.sty
Package: calc 2017/05/25 v4.3 Infix arithmetic (KKT,FJ)
\calc@Acount=\count345
\calc@Bcount=\count346
\calc@Adimen=\dimen300
\calc@Bdimen=\dimen301
\calc@Askip=\skip79
\calc@Bskip=\skip80
LaTeX Info: Redefining \setlength on input line 80.
LaTeX Info: Redefining \addtolength on input line 81.
\calc@Ccount=\count347
\calc@Cskip=\skip81
)
(/usr/share/texlive/texmf-dist/tex/latex/mathtools/mhsetup.sty
Package: mhsetup 2021/03/18 v1.4 programming setup (MH)
)
\g_MT_multlinerow_int=\count348
\l_MT_multwidth_dim=\dimen302
\origjot=\skip82
\l_MT_shortvdotswithinadjustabove_dim=\dimen303
\l_MT_shortvdotswithinadjustbelow_dim=\dimen304
\l_MT_above_intertext_sep=\dimen305
\l_MT_below_intertext_sep=\dimen306
\l_MT_above_shortintertext_sep=\dimen307
\l_MT_below_shortintertext_sep=\dimen308
\xmathstrut@box=\box90
\xmathstrut@dim=\dimen309
)
(/usr/share/texlive/texmf-dist/tex/latex/siunitx/siunitx.sty
Package: siunitx 2023-03-14 v3.2.3 A comprehensive (SI) units package
\l__siunitx_angle_tmp_dim=\dimen310
\l__siunitx_angle_marker_box=\box91
\l__siunitx_angle_unit_box=\box92
\l__siunitx_compound_count_int=\count349

(/usr/share/texlive/texmf-dist/tex/latex/translations/translations.sty
Package: translations 2022/02/05 v1.12 internationalization of LaTeX2e packages
 (CN)

(/usr/share/texlive/texmf-dist/tex/latex/etoolbox/etoolbox.sty
Package: etoolbox 2020/10/05 v2.5k e-TeX tools for LaTeX (JAW)
\etb@tempcnta=\count350
))
\l__siunitx_number_exponent_fixed_int=\count351
\l__siunitx_number_min_decimal_int=\count352
\l__siunitx_number_min_integer_int=\count353
\l__siunitx_number_round_precision_int=\count354
\l__siunitx_number_lower_threshold_int=\count355
\l__siunitx_number_upper_threshold_int=\count356
\l__siunitx_number_group_first_int=\count357
\l__siunitx_number_group_size_int=\count358
\l__siunitx_number_group_minimum_int=\count359
\l__siunitx_table_tmp_box=\box93
\l__siunitx_table_tmp_dim=\dimen311
\l__siunitx_table_column_width_dim=\dimen312
\l__siunitx_table_integer_box=\box94
\l__siunitx_table_decimal_box=\box95
\l__siunitx_table_uncert_box=\box96
\l__siunitx_table_before_box=\box97
\l__siunitx_table_after_box=\box98
\l__siunitx_table_before_dim=\dimen313
\l__siunitx_table_carry_dim=\dimen314
\l__siunitx_unit_tmp_int=\count360
\l__siunitx_unit_position_int=\count361
\l__siunitx_unit_total_int=\count362

(/usr/share/texlive/texmf-dist/tex/latex/tools/array.sty
Package: array 2022/09/04 v2.5g Tabular extension package (FMi)
\col@sep=\dimen315
\ar@mcellbox=\box99
\extrarowheight=\dimen316
\NC@list=\toks52
\extratabsurround=\skip83
\backup@length=\skip84
\ar@cellbox=\box100
))
\c@thm=\count363
\c@cor=\count364
\c@lem=\count365
\c@prop=\count366
\c@defn=\count367
\c@exmpl=\count368
\c@rem=\count369
\c@notn=\count370

(/usr/share/texlive/texmf-dist/tex/generic/pgf/libraries/pgflibraryarrows.meta.
code.tex
File: pgflibraryarrows.meta.code.tex 2023-01-15 v3.1.10 (3.1.10)
\pgfarrowinset=\dimen317
\pgfarrowlength=\dimen318
\pgfarrowwidth=\dimen319
\pgfarrowlinewidth=\dimen320
)
(/usr/share/texlive/texmf-dist/tex/generic/pgfplots/libs/tikzlibrarypgfplots.fi
llbetween.code.tex
(/usr/share/texlive/texmf-dist/tex/generic/pgfplots/pgfcontrib/tikzlibraryfillb
etween.code.tex
(/usr/share/texlive/texmf-dist/tex/generic/pgf/frontendlayer/tikz/libraries/tik
zlibraryintersections.code.tex
(/usr/share/texlive/texmf-dist/tex/generic/pgf/libraries/pgflibraryintersection
s.code.tex
\pgf@intersect@solutions=\count371
))
(/usr/share/texlive/texmf-dist/tex/generic/pgfplots/pgfcontrib/tikzlibrarydecor
ations.softclip.code.tex
(/usr/share/texlive/texmf-dist/tex/generic/pgfplots/pgfcontrib/pgflibraryfillbe
tween.code.tex)))
(/usr/share/texlive/texmf-dist/tex/generic/pgfplots/libs/tikzlibrarypgfplots.de
corations.softclip.code.tex))
(/usr/share/texlive/texmf-dist/tex/generic/pgf/frontendlayer/tikz/libraries/tik
zlibrarymath.code.tex
(/usr/share/texlive/texmf-dist/tex/generic/pgf/frontendlayer/tikz/libraries/tik
zlibraryfpu.code.tex)
\tikz@math@for@depth=\count372
\tikz@math@dimen=\dimen321
\tikz@math@toks=\toks53
)
(/usr/share/texlive/texmf-dist/tex/latex/colortbl/colortbl.sty
Package: colortbl 2022/06/20 v1.0f Color table columns (DPC)
\everycr=\toks54
\minrowclearance=\skip85
\rownum=\count373
)
(/usr/share/texlive/texmf-dist/tex/latex/psnfss/pifont.sty
Package: pifont 2020/03/25 PSNFSS-v9.3 Pi font support (SPQR) 
LaTeX Font Info:    Trying to load font information for U+pzd on input line 63.


(/usr/share/texlive/texmf-dist/tex/latex/psnfss/upzd.fd
File: upzd.fd 2001/06/04 font definitions for U/pzd.
)
LaTeX Font Info:    Trying to load font information for U+psy on input line 64.


(/usr/share/texlive/texmf-dist/tex/latex/psnfss/upsy.fd
File: upsy.fd 2001/06/04 font definitions for U/psy.
))
(/usr/share/texlive/texmf-dist/tex/generic/pgf/frontendlayer/tikz/libraries/tik
zlibrarychains.code.tex
File: tikzlibrarychains.code.tex 2023-01-15 v3.1.10 (3.1.10)
)
(/usr/share/texlive/texmf-dist/tex/generic/pgf/frontendlayer/tikz/libraries/tik
zlibrarybackgrounds.code.tex
File: tikzlibrarybackgrounds.code.tex 2023-01-15 v3.1.10 (3.1.10)
\pgf@layerbox@background=\box101
\pgf@layerboxsaved@background=\box102
)
(/usr/share/texlive/texmf-dist/tex/generic/pgfplots/libs/tikzlibrarypgfplots.gr
oupplots.code.tex
\pgfplots@group@current@plot=\count374
\pgfplots@group@current@row=\count375
\pgfplots@group@current@column=\count376
)
(/usr/share/texlive/texmf-dist/tex/latex/pgfplots/pgfplotstable.sty
(/usr/share/texlive/texmf-dist/tex/generic/pgfplots/pgfplots.revision.tex)
Package: pgfplotstable 2021/05/15 v1.18.1 Table typesetting and Pretty-printing
 (1.18.1)

(/usr/share/texlive/texmf-dist/tex/generic/pgfplots/numtable/pgfplotstable.code
.tex
(/usr/share/texlive/texmf-dist/tex/generic/pgfplots/numtable/pgfplotstable.colt
ype.code.tex)))
(/usr/share/texlive/texmf-dist/tex/generic/pgf/frontendlayer/tikz/libraries/tik
zlibrarymatrix.code.tex
File: tikzlibrarymatrix.code.tex 2023-01-15 v3.1.10 (3.1.10)
)
(/usr/share/texlive/texmf-dist/tex/generic/xstring/xstring.sty
(/usr/share/texlive/texmf-dist/tex/generic/xstring/xstring.tex
\integerpart=\count377
\decimalpart=\count378
)
Package: xstring 2023/01/14 v1.85 String manipulations (CT)
)
(/usr/share/texlive/texmf-dist/tex/latex/tools/xspace.sty
Package: xspace 2014/10/28 v1.13 Space after command names (DPC,MH)
)
(/usr/share/texlive/texmf-dist/tex/latex/sttools/flushend.sty
Package: flushend 2021/10/04 v4.0 Balancing columns in twocolumn mode
\flushend@@lastskip@a=\skip86
\flushend@@lastskip@b=\skip87
\flushend@@lastnode=\count379
\var@@loop@iter=\count380
\var@@temp@spread=\dimen322
\var@@temp@a=\dimen323
\var@@temp@loop=\dimen324
\flushend@@page@rule=\dimen325
\flushend@@varbox@lastpage=\box103
\flushend@@varbox@a=\box104
\flushend@@varbox@c=\box105
\flushend@@tempbox@a=\box106
\flushend@@tempbox@c=\box107
\flushend@@floatbox=\box108
\@viper=\box109
\hold@viper=\box110
\atColsBreak=\toks55
\atColsEnd=\toks56
\oldbreak@skip=\dimen326
)
(/usr/share/texlive/texmf-dist/tex/latex/booktabs/booktabs.sty
Package: booktabs 2020/01/12 v1.61803398 Publication quality tables
\heavyrulewidth=\dimen327
\lightrulewidth=\dimen328
\cmidrulewidth=\dimen329
\belowrulesep=\dimen330
\belowbottomsep=\dimen331
\aboverulesep=\dimen332
\abovetopsep=\dimen333
\cmidrulesep=\dimen334
\cmidrulekern=\dimen335
\defaultaddspace=\dimen336
\@cmidla=\count381
\@cmidlb=\count382
\@aboverulesep=\dimen337
\@belowrulesep=\dimen338
\@thisruleclass=\count383
\@lastruleclass=\count384
\@thisrulewidth=\dimen339
)
(/usr/share/texlive/texmf-dist/tex/latex/multirow/multirow.sty
Package: multirow 2021/03/15 v2.8 Span multiple rows of a table
\multirow@colwidth=\skip88
\multirow@cntb=\count385
\multirow@dima=\skip89
\bigstrutjot=\dimen340
)

Package siunitx Info: Option "detect-all" has been deprecated in this release.
(siunitx)             
(siunitx)             Use "mode = match, propagate-math-font = true,
(siunitx)             reset-math-version = false, reset-text-family = false,
(siunitx)             reset-text-series = false, reset-text-shape = false,
(siunitx)             text-family-to-math = true, text-series-to-math = true"
(siunitx)             as a replacement.

)
(/usr/share/texlive/texmf-dist/tex/latex/algorithms/algorithm.sty
Package: algorithm 2009/08/24 v0.1 Document Style `algorithm' - floating enviro
nment

(/usr/share/texlive/texmf-dist/tex/latex/float/float.sty
Package: float 2001/11/08 v1.3d Float enhancements (AL)
\c@float@type=\count386
\float@exts=\toks57
\float@box=\box111
\@float@everytoks=\toks58
\@floatcapt=\box112
)
(/usr/share/texlive/texmf-dist/tex/latex/base/ifthen.sty
Package: ifthen 2022/04/13 v1.1d Standard LaTeX ifthen package (DPC)
)
\@float@every@algorithm=\toks59
\c@algorithm=\count387
)
(/usr/share/texlive/texmf-dist/tex/latex/algorithmicx/algpseudocode.sty
Package: algpseudocode 

(/usr/share/texlive/texmf-dist/tex/latex/algorithmicx/algorithmicx.sty
Package: algorithmicx 2005/04/27 v1.2 Algorithmicx

Document Style algorithmicx 1.2 - a greatly improved `algorithmic' style
\c@ALG@line=\count388
\c@ALG@rem=\count389
\c@ALG@nested=\count390
\ALG@tlm=\skip90
\ALG@thistlm=\skip91
\c@ALG@Lnr=\count391
\c@ALG@blocknr=\count392
\c@ALG@storecount=\count393
\c@ALG@tmpcounter=\count394
\ALG@tmplength=\skip92
)
Document Style - pseudocode environments for use with the `algorithmicx' style
)
Package translations Info: No language package found. I am going to use `englis
h' as default language. on input line 49.
 (/usr/share/texlive/texmf-dist/tex/latex/l3backend/l3backend-luatex.def
File: l3backend-luatex.def 2023-01-16 L3 backend support: PDF output (LuaTeX)
\l__color_backend_stack_int=\count395
\l__pdf_internal_box=\box113
)
(./fig1.aux)
\openout1 = fig1.aux

LaTeX Font Info:    Checking defaults for OML/cmm/m/it on input line 49.
LaTeX Font Info:    ... okay on input line 49.
LaTeX Font Info:    Checking defaults for OMS/cmsy/m/n on input line 49.
LaTeX Font Info:    ... okay on input line 49.
LaTeX Font Info:    Checking defaults for OT1/cmr/m/n on input line 49.
LaTeX Font Info:    ... okay on input line 49.
LaTeX Font Info:    Checking defaults for T1/cmr/m/n on input line 49.
LaTeX Font Info:    ... okay on input line 49.
LaTeX Font Info:    Checking defaults for TS1/cmr/m/n on input line 49.
LaTeX Font Info:    Trying to load font information for TS1+cmr on input line 4
9.
 (/usr/share/texlive/texmf-dist/tex/latex/base/ts1cmr.fd
File: ts1cmr.fd 2022/07/10 v2.5l Standard LaTeX font definitions
)
LaTeX Font Info:    ... okay on input line 49.
LaTeX Font Info:    Checking defaults for TU/lmr/m/n on input line 49.
LaTeX Font Info:    ... okay on input line 49.
LaTeX Font Info:    Checking defaults for OMX/cmex/m/n on input line 49.
LaTeX Font Info:    ... okay on input line 49.
LaTeX Font Info:    Checking defaults for U/cmr/m/n on input line 49.
LaTeX Font Info:    ... okay on input line 49.
LaTeX Font Info:    Checking defaults for PD1/pdf/m/n on input line 49.
LaTeX Font Info:    ... okay on input line 49.
LaTeX Font Info:    Checking defaults for PU/pdf/m/n on input line 49.
LaTeX Font Info:    ... okay on input line 49.


LaTeX Font Warning: Font shape `TU/ptm/b/n' undefined
(Font)              using `TU/ptm/bx/n' instead on input line 49.


LaTeX Font Warning: Font shape `TU/ptm/b/it' undefined
(Font)              using `TU/ptm/bx/it' instead on input line 49.


LaTeX Font Warning: Font shape `TU/ptm/b/n' undefined
(Font)              using `TU/ptm/bx/n' instead on input line 49.


LaTeX Font Warning: Font shape `TU/ptm/b/it' undefined
(Font)              using `TU/ptm/bx/it' instead on input line 49.


LaTeX Font Warning: Font shape `TU/ptm/b/n' undefined
(Font)              using `TU/ptm/bx/n' instead on input line 49.


LaTeX Font Warning: Font shape `TU/ptm/b/it' undefined
(Font)              using `TU/ptm/bx/it' instead on input line 49.


LaTeX Font Warning: Font shape `TU/ptm/b/n' undefined
(Font)              using `TU/ptm/bx/n' instead on input line 49.


LaTeX Font Warning: Font shape `TU/ptm/b/it' undefined
(Font)              using `TU/ptm/bx/it' instead on input line 49.


LaTeX Font Warning: Font shape `TU/ptm/b/n' undefined
(Font)              using `TU/ptm/bx/n' instead on input line 49.


LaTeX Font Warning: Font shape `TU/ptm/b/it' undefined
(Font)              using `TU/ptm/bx/it' instead on input line 49.


LaTeX Font Warning: Font shape `TU/ptm/b/n' undefined
(Font)              using `TU/ptm/bx/n' instead on input line 49.


LaTeX Font Warning: Font shape `TU/ptm/b/it' undefined
(Font)              using `TU/ptm/bx/it' instead on input line 49.


LaTeX Font Warning: Font shape `TU/ptm/b/n' undefined
(Font)              using `TU/ptm/bx/n' instead on input line 49.


LaTeX Font Warning: Font shape `TU/ptm/b/it' undefined
(Font)              using `TU/ptm/bx/it' instead on input line 49.


LaTeX Font Warning: Font shape `TU/ptm/b/n' undefined
(Font)              using `TU/ptm/bx/n' instead on input line 49.


LaTeX Font Warning: Font shape `TU/ptm/b/it' undefined
(Font)              using `TU/ptm/bx/it' instead on input line 49.


LaTeX Font Warning: Font shape `TU/ptm/b/n' undefined
(Font)              using `TU/ptm/bx/n' instead on input line 49.


LaTeX Font Warning: Font shape `TU/ptm/b/it' undefined
(Font)              using `TU/ptm/bx/it' instead on input line 49.


LaTeX Font Warning: Font shape `TU/ptm/b/n' undefined
(Font)              using `TU/ptm/bx/n' instead on input line 49.


LaTeX Font Warning: Font shape `TU/ptm/b/it' undefined
(Font)              using `TU/ptm/bx/it' instead on input line 49.

-- Lines per column: 58 (exact).
(/usr/share/texlive/texmf-dist/tex/context/base/mkii/supp-pdf.mkii
[Loading MPS to PDF converter (version 2006.09.02).]
\scratchcounter=\count396
\scratchdimen=\dimen341
\scratchbox=\box114
\nofMPsegments=\count397
\nofMParguments=\count398
\everyMPshowfont=\toks60
\MPscratchCnt=\count399
\MPscratchDim=\dimen342
\MPnumerator=\count400
\makeMPintoPDFobject=\count401
\everyMPtoPDFconversion=\toks61
) (/usr/share/texlive/texmf-dist/tex/latex/epstopdf-pkg/epstopdf-base.sty
Package: epstopdf-base 2020-01-24 v2.11 Base part for package epstopdf

(/usr/share/texlive/texmf-dist/tex/latex/grfext/grfext.sty
Package: grfext 2019/12/03 v1.3 Manage graphics extensions (HO)
)
Package epstopdf-base Info: Redefining graphics rule for `.eps' on input line 4
85.
Package grfext Info: Graphics extension search list:
(grfext)             [.pdf,.png,.jpg,.mps,.jpeg,.jbig2,.jb2,.PDF,.PNG,.JPG,.JPE
G,.JBIG2,.JB2,.eps]
(grfext)             \AppendGraphicsExtensions on input line 504.

(/usr/share/texlive/texmf-dist/tex/latex/latexconfig/epstopdf-sys.cfg
File: epstopdf-sys.cfg 2010/07/13 v1.3 Configuration of (r)epstopdf for TeX Liv
e
))
Package hyperref Info: Link coloring ON on input line 49.

(./fig1.out) (./fig1.out)
\@outlinefile=\write7

\openout7 = fig1.out


Package pgfplots Warning: running in backwards compatibility mode (unsuitable t
ick labels; missing features). Consider writing \pgfplotsset{compat=1.18} into 
your preamble.
 on input line 49.


(/usr/share/texlive/texmf-dist/tex/latex/translations/translations-basic-dictio
nary-english.trsl
File: translations-basic-dictionary-english.trsl (english translation file `tra
nslations-basic-dictionary')
)
Package translations Info: loading dictionary `translations-basic-dictionary' f
or `english'. on input line 49.

===== Image './Figures/External/sim2' is up-to-date. ======

Overfull \hbox (420.32645pt too wide) in paragraph at lines 91--484
[][] 
 []

[leftcolumn badness]: 10000 on 425.45851pt
[rightcolumn badness]: 0 on 425.45851pt
[leftcolumn badness]: 10000 on 425.45851pt
[rightcolumn badness]: 0 on 425.45851pt
[leftcolumn badness]: 10000 on 425.45851pt
[rightcolumn badness]: 0 on 425.45851pt
[leftcolumn badness]: 10000 on 425.45851pt
[rightcolumn badness]: 0 on 425.45851pt
[leftcolumn badness]: 10000 on 425.45851pt
[rightcolumn badness]: 0 on 425.45851pt
[leftcolumn badness]: 10000 on 425.45851pt
[rightcolumn badness]: 0 on 425.45851pt
[leftcolumn badness]: 10000 on 425.45851pt
[rightcolumn badness]: 0 on 425.45851pt
[leftcolumn badness]: 10000 on 425.45851pt
[rightcolumn badness]: 0 on 425.45851pt
[leftcolumn badness]: 10000 on 425.45851pt
[rightcolumn badness]: 0 on 425.45851pt
[leftcolumn badness]: 10000 on 425.45851pt
[rightcolumn badness]: 0 on 425.45851pt
[leftcolumn badness]: 10000 on 425.45851pt
[rightcolumn badness]: 0 on 425.45851pt
[leftcolumn badness]: 10000 on 425.45851pt
[rightcolumn badness]: 0 on 425.45851pt
[leftcolumn badness]: 10000 on 425.45851pt
[rightcolumn badness]: 0 on 425.45851pt
[leftcolumn badness]: 10000 on 425.45851pt
[rightcolumn badness]: 0 on 425.45851pt
[leftcolumn badness]: 10000 on 425.45851pt
[rightcolumn badness]: 0 on 425.45851pt
[leftcolumn badness]: 10000 on 425.45851pt
[rightcolumn badness]: 0 on 425.45851pt
[leftcolumn badness]: 10000 on 425.45851pt
[rightcolumn badness]: 0 on 425.45851pt
[leftcolumn badness]: 10000 on 425.45851pt
[rightcolumn badness]: 0 on 425.45851pt
[leftcolumn badness]: 10000 on 425.45851pt
[rightcolumn badness]: 0 on 425.45851pt
[leftcolumn badness]: 10000 on 425.45851pt
[rightcolumn badness]: 0 on 425.45851pt
[leftcolumn badness]: 10000 on 425.45851pt
[rightcolumn badness]: 0 on 425.45851pt
[leftcolumn badness]: 10000 on 425.45851pt
[rightcolumn badness]: 0 on 425.45851pt
[leftcolumn badness]: 10000 on 425.45851pt
[rightcolumn badness]: 0 on 425.45851pt
[leftcolumn badness]: 10000 on 425.45851pt
[rightcolumn badness]: 0 on 425.45851pt
[leftcolumn badness]: 10000 on 425.45851pt
[rightcolumn badness]: 0 on 425.45851pt
[leftcolumn badness]: 10000 on 425.45851pt
[rightcolumn badness]: 0 on 425.45851pt
[leftcolumn badness]: 10000 on 425.45851pt
[rightcolumn badness]: 0 on 425.45851pt
[leftcolumn badness]: 10000 on 425.45851pt
[rightcolumn badness]: 0 on 425.45851pt
[leftcolumn badness]: 10000 on 425.45851pt
[rightcolumn badness]: 0 on 425.45851pt
[leftcolumn badness]: 10000 on 425.45851pt
[rightcolumn badness]: 0 on 425.45851pt
[leftcolumn badness]: 10000 on 425.45851pt
[rightcolumn badness]: 0 on 425.45851pt
[leftcolumn badness]: 10000 on 425.45851pt
[rightcolumn badness]: 0 on 425.45851pt
[leftcolumn badness]: 10000 on 425.45851pt
[rightcolumn badness]: 0 on 425.45851pt
[leftcolumn badness]: 10000 on 425.45851pt
[rightcolumn badness]: 0 on 425.45851pt
[leftcolumn badness]: 10000 on 425.45851pt
[rightcolumn badness]: 0 on 425.45851pt
[leftcolumn badness]: 10000 on 425.45851pt
[rightcolumn badness]: 0 on 425.45851pt
[leftcolumn badness]: 10000 on 425.45851pt
[rightcolumn badness]: 0 on 425.45851pt
[leftcolumn badness]: 10000 on 425.45851pt
[rightcolumn badness]: 0 on 425.45851pt
[leftcolumn badness]: 10000 on 425.45851pt
[rightcolumn badness]: 0 on 425.45851pt
[leftcolumn badness]: 10000 on 425.45851pt
[rightcolumn badness]: 0 on 425.45851pt
[leftcolumn badness]: 10000 on 425.45851pt
[rightcolumn badness]: 0 on 425.45851pt
[leftcolumn badness]: 10000 on 425.45851pt
[rightcolumn badness]: 0 on 425.45851pt
[leftcolumn badness]: 10000 on 425.45851pt
[rightcolumn badness]: 0 on 425.45851pt
[leftcolumn badness]: 10000 on 425.45851pt
[rightcolumn badness]: 0 on 425.45851pt
[leftcolumn badness]: 10000 on 425.45851pt
[rightcolumn badness]: 0 on 425.45851pt
[leftcolumn badness]: 10000 on 425.45851pt
[rightcolumn badness]: 0 on 425.45851pt
[leftcolumn badness]: 10000 on 425.45851pt
[rightcolumn badness]: 0 on 425.45851pt
[leftcolumn badness]: 10000 on 425.45851pt
[rightcolumn badness]: 0 on 425.45851pt
[leftcolumn badness]: 10000 on 425.45851pt
[rightcolumn badness]: 0 on 425.45851pt
[leftcolumn badness]: 10000 on 425.45851pt
[rightcolumn badness]: 0 on 425.45851pt
[leftcolumn badness]: 10000 on 425.45851pt
[rightcolumn badness]: 0 on 425.45851pt
[leftcolumn badness]: 10000 on 425.45851pt
[rightcolumn badness]: 0 on 425.45851pt
[leftcolumn badness]: 10000 on 425.45851pt
[rightcolumn badness]: 0 on 425.45851pt
[leftcolumn badness]: 10000 on 425.45851pt
[rightcolumn badness]: 0 on 425.45851pt
[leftcolumn badness]: 10000 on 425.45851pt
[rightcolumn badness]: 0 on 425.45851pt
[leftcolumn badness]: 10000 on 425.45851pt
[rightcolumn badness]: 0 on 425.45851pt
[leftcolumn badness]: 10000 on 425.45851pt
[rightcolumn badness]: 0 on 425.45851pt
[leftcolumn badness]: 10000 on 425.45851pt
[rightcolumn badness]: 0 on 425.45851pt
[leftcolumn badness]: 10000 on 425.45851pt
[rightcolumn badness]: 0 on 425.45851pt
[leftcolumn badness]: 10000 on 425.45851pt
[rightcolumn badness]: 0 on 425.45851pt
[leftcolumn badness]: 10000 on 425.45851pt
[rightcolumn badness]: 0 on 425.45851pt
[leftcolumn badness]: 10000 on 425.45851pt
[rightcolumn badness]: 0 on 425.45851pt
[leftcolumn badness]: 10000 on 425.45851pt
[rightcolumn badness]: 0 on 425.45851pt
[leftcolumn badness]: 10000 on 425.45851pt
[rightcolumn badness]: 0 on 425.45851pt
[leftcolumn badness]: 10000 on 425.45851pt
[rightcolumn badness]: 0 on 425.45851pt
[leftcolumn badness]: 10000 on 425.45851pt
[rightcolumn badness]: 0 on 425.45851pt
[leftcolumn badness]: 10000 on 425.45851pt
[rightcolumn badness]: 0 on 425.45851pt
[leftcolumn badness]: 10000 on 425.45851pt
[rightcolumn badness]: 0 on 425.45851pt
[leftcolumn badness]: 10000 on 425.45851pt
[rightcolumn badness]: 0 on 425.45851pt
[leftcolumn badness]: 10000 on 425.45851pt
[rightcolumn badness]: 0 on 425.45851pt
[leftcolumn badness]: 10000 on 425.45851pt
[rightcolumn badness]: 0 on 425.45851pt
[leftcolumn badness]: 10000 on 425.45851pt
[rightcolumn badness]: 0 on 425.45851pt
[leftcolumn badness]: 10000 on 425.45851pt
[rightcolumn badness]: 0 on 425.45851pt
[leftcolumn badness]: 10000 on 425.45851pt
[rightcolumn badness]: 0 on 425.45851pt
[leftcolumn badness]: 10000 on 425.45851pt
[rightcolumn badness]: 0 on 425.45851pt
[leftcolumn badness]: 10000 on 425.45851pt
[rightcolumn badness]: 0 on 425.45851pt
[leftcolumn badness]: 10000 on 425.45851pt
[rightcolumn badness]: 0 on 425.45851pt
[leftcolumn badness]: 10000 on 425.45851pt
[rightcolumn badness]: 0 on 425.45851pt
[leftcolumn badness]: 10000 on 425.45851pt
[rightcolumn badness]: 0 on 425.45851pt
[leftcolumn badness]: 10000 on 425.45851pt
[rightcolumn badness]: 0 on 425.45851pt
[leftcolumn badness]: 10000 on 425.45851pt
[rightcolumn badness]: 0 on 425.45851pt
[leftcolumn badness]: 10000 on 425.45851pt
[rightcolumn badness]: 0 on 425.45851pt
[leftcolumn badness]: 10000 on 425.45851pt
[rightcolumn badness]: 0 on 425.45851pt
[leftcolumn badness]: 10000 on 425.45851pt
[rightcolumn badness]: 0 on 425.45851pt
[leftcolumn badness]: 10000 on 425.45851pt
[rightcolumn badness]: 0 on 425.45851pt
[leftcolumn badness]: 10000 on 425.45851pt
[rightcolumn badness]: 0 on 425.45851pt
[leftcolumn badness]: 10000 on 425.45851pt
[rightcolumn badness]: 0 on 425.45851pt
[leftcolumn badness]: 10000 on 425.45851pt
[rightcolumn badness]: 0 on 425.45851pt
[leftcolumn badness]: 10000 on 425.45851pt
[rightcolumn badness]: 0 on 425.45851pt
[leftcolumn badness]: 10000 on 425.45851pt
[rightcolumn badness]: 0 on 425.45851pt
[leftcolumn badness]: 10000 on 425.45851pt
[rightcolumn badness]: 0 on 425.45851pt
[leftcolumn badness]: 10000 on 425.45851pt
[rightcolumn badness]: 0 on 425.45851pt
[leftcolumn badness]: 10000 on 425.45851pt
[rightcolumn badness]: 0 on 425.45851pt
[leftcolumn badness]: 10000 on 425.45851pt
[rightcolumn badness]: 0 on 425.45851pt
[leftcolumn badness]: 10000 on 425.45851pt
[rightcolumn badness]: 0 on 425.45851pt
[leftcolumn badness]: 10000 on 425.45851pt
[rightcolumn badness]: 0 on 425.45851pt
[leftcolumn badness]: 10000 on 425.45851pt
[rightcolumn badness]: 0 on 425.45851pt
[leftcolumn badness]: 10000 on 425.45851pt
[rightcolumn badness]: 0 on 425.45851pt
[leftcolumn badness]: 10000 on 425.45851pt
[rightcolumn badness]: 0 on 425.45851pt
[leftcolumn badness]: 10000 on 425.45851pt
[rightcolumn badness]: 0 on 425.45851pt
[leftcolumn badness]: 10000 on 425.45851pt
[rightcolumn badness]: 0 on 425.45851pt
[leftcolumn badness]: 10000 on 425.45851pt
[rightcolumn badness]: 0 on 425.45851pt
[leftcolumn badness]: 10000 on 425.45851pt
[rightcolumn badness]: 0 on 425.45851pt
[leftcolumn badness]: 10000 on 425.45851pt
[rightcolumn badness]: 0 on 425.45851pt
[leftcolumn badness]: 10000 on 425.45851pt
[rightcolumn badness]: 0 on 425.45851pt
[leftcolumn badness]: 10000 on 425.45851pt
[rightcolumn badness]: 0 on 425.45851pt
[leftcolumn badness]: 10000 on 425.45851pt
[rightcolumn badness]: 0 on 425.45851pt
[leftcolumn badness]: 10000 on 425.45851pt
[rightcolumn badness]: 0 on 425.45851pt
[leftcolumn badness]: 10000 on 425.45851pt
[rightcolumn badness]: 0 on 425.45851pt
[leftcolumn badness]: 10000 on 425.45851pt
[rightcolumn badness]: 0 on 425.45851pt
[leftcolumn badness]: 10000 on 425.45851pt
[rightcolumn badness]: 0 on 425.45851pt
[leftcolumn badness]: 10000 on 425.45851pt
[rightcolumn badness]: 0 on 425.45851pt
[leftcolumn badness]: 10000 on 425.45851pt
[rightcolumn badness]: 0 on 425.45851pt
[leftcolumn badness]: 10000 on 425.45851pt
[rightcolumn badness]: 0 on 425.45851pt
[leftcolumn badness]: 10000 on 425.45851pt
[rightcolumn badness]: 0 on 425.45851pt
[leftcolumn badness]: 10000 on 425.45851pt
[rightcolumn badness]: 0 on 425.45851pt
[leftcolumn badness]: 10000 on 425.45851pt
[rightcolumn badness]: 0 on 425.45851pt
[leftcolumn badness]: 10000 on 425.45851pt
[rightcolumn badness]: 0 on 425.45851pt
[leftcolumn badness]: 10000 on 425.45851pt
[rightcolumn badness]: 0 on 425.45851pt
[leftcolumn badness]: 10000 on 425.45851pt
[rightcolumn badness]: 0 on 425.45851pt
[leftcolumn badness]: 10000 on 425.45851pt
[rightcolumn badness]: 0 on 425.45851pt
[leftcolumn badness]: 10000 on 425.45851pt
[rightcolumn badness]: 0 on 425.45851pt
[leftcolumn badness]: 10000 on 425.45851pt
[rightcolumn badness]: 0 on 425.45851pt
[leftcolumn badness]: 10000 on 425.45851pt
[rightcolumn badness]: 0 on 425.45851pt
[leftcolumn badness]: 10000 on 425.45851pt
[rightcolumn badness]: 0 on 425.45851pt
[leftcolumn badness]: 10000 on 425.45851pt
[rightcolumn badness]: 0 on 425.45851pt
[leftcolumn badness]: 10000 on 425.45851pt
[rightcolumn badness]: 0 on 425.45851pt
[leftcolumn badness]: 10000 on 425.45851pt
[rightcolumn badness]: 0 on 425.45851pt
[leftcolumn badness]: 10000 on 425.45851pt
[rightcolumn badness]: 0 on 425.45851pt
[leftcolumn badness]: 10000 on 425.45851pt
[rightcolumn badness]: 0 on 425.45851pt
[leftcolumn badness]: 10000 on 425.45851pt
[rightcolumn badness]: 0 on 425.45851pt
[leftcolumn badness]: 10000 on 425.45851pt
[rightcolumn badness]: 0 on 425.45851pt
[leftcolumn badness]: 10000 on 425.45851pt
[rightcolumn badness]: 0 on 425.45851pt
[leftcolumn badness]: 10000 on 425.45851pt
[rightcolumn badness]: 0 on 425.45851pt
[leftcolumn badness]: 10000 on 425.45851pt
[rightcolumn badness]: 0 on 425.45851pt
[leftcolumn badness]: 10000 on 425.45851pt
[rightcolumn badness]: 0 on 425.45851pt
[leftcolumn badness]: 10000 on 425.45851pt
[rightcolumn badness]: 0 on 425.45851pt
[leftcolumn badness]: 10000 on 425.45851pt
[rightcolumn badness]: 0 on 425.45851pt
[leftcolumn badness]: 10000 on 425.45851pt
[rightcolumn badness]: 0 on 425.45851pt
[leftcolumn badness]: 10000 on 425.45851pt
[rightcolumn badness]: 0 on 425.45851pt
[leftcolumn badness]: 10000 on 425.45851pt
[rightcolumn badness]: 0 on 425.45851pt
[leftcolumn badness]: 10000 on 425.45851pt
[rightcolumn badness]: 0 on 425.45851pt
[leftcolumn badness]: 10000 on 425.45851pt
[rightcolumn badness]: 0 on 425.45851pt
[leftcolumn badness]: 10000 on 425.45851pt
[rightcolumn badness]: 0 on 425.45851pt
[leftcolumn badness]: 10000 on 425.45851pt
[rightcolumn badness]: 0 on 425.45851pt
[leftcolumn badness]: 10000 on 425.45851pt
[rightcolumn badness]: 0 on 425.45851pt
[leftcolumn badness]: 10000 on 425.45851pt
[rightcolumn badness]: 0 on 425.45851pt
[leftcolumn badness]: 10000 on 425.45851pt
[rightcolumn badness]: 0 on 425.45851pt
[leftcolumn badness]: 10000 on 425.45851pt
[rightcolumn badness]: 0 on 425.45851pt
[leftcolumn badness]: 10000 on 425.45851pt
[rightcolumn badness]: 0 on 425.45851pt
[leftcolumn badness]: 10000 on 425.45851pt
[rightcolumn badness]: 0 on 425.45851pt
[leftcolumn badness]: 10000 on 425.45851pt
[rightcolumn badness]: 0 on 425.45851pt
[leftcolumn badness]: 10000 on 425.45851pt
[rightcolumn badness]: 0 on 425.45851pt
[leftcolumn badness]: 10000 on 425.45851pt
[rightcolumn badness]: 0 on 425.45851pt
[leftcolumn badness]: 10000 on 425.45851pt
[rightcolumn badness]: 0 on 425.45851pt
[leftcolumn badness]: 10000 on 425.45851pt
[rightcolumn badness]: 0 on 425.45851pt
[leftcolumn badness]: 10000 on 425.45851pt
[rightcolumn badness]: 0 on 425.45851pt
[leftcolumn badness]: 10000 on 425.45851pt
[rightcolumn badness]: 0 on 425.45851pt
[leftcolumn badness]: 10000 on 425.45851pt
[rightcolumn badness]: 0 on 425.45851pt
[leftcolumn badness]: 10000 on 425.45851pt
[rightcolumn badness]: 0 on 425.45851pt
[leftcolumn badness]: 10000 on 425.45851pt
[rightcolumn badness]: 0 on 425.45851pt
[leftcolumn badness]: 10000 on 425.45851pt
[rightcolumn badness]: 0 on 425.45851pt
[leftcolumn badness]: 10000 on 425.45851pt
[rightcolumn badness]: 0 on 425.45851pt
[leftcolumn badness]: 10000 on 425.45851pt
[rightcolumn badness]: 0 on 425.45851pt
[leftcolumn badness]: 10000 on 425.45851pt
[rightcolumn badness]: 0 on 425.45851pt
[leftcolumn badness]: 10000 on 425.45851pt
[rightcolumn badness]: 0 on 425.45851pt
[leftcolumn badness]: 10000 on 425.45851pt
[rightcolumn badness]: 0 on 425.45851pt
[leftcolumn badness]: 10000 on 425.45851pt
[rightcolumn badness]: 0 on 425.45851pt
[leftcolumn badness]: 10000 on 425.45851pt
[rightcolumn badness]: 0 on 425.45851pt
[leftcolumn badness]: 10000 on 425.45851pt
[rightcolumn badness]: 0 on 425.45851pt
[leftcolumn badness]: 10000 on 425.45851pt
[rightcolumn badness]: 0 on 425.45851pt
[leftcolumn badness]: 10000 on 425.45851pt
[rightcolumn badness]: 0 on 425.45851pt
[leftcolumn badness]: 10000 on 425.45851pt
[rightcolumn badness]: 0 on 425.45851pt
[leftcolumn badness]: 10000 on 425.45851pt
[rightcolumn badness]: 0 on 425.45851pt
[leftcolumn badness]: 10000 on 425.45851pt
[rightcolumn badness]: 0 on 425.45851pt
[leftcolumn badness]: 10000 on 425.45851pt
[rightcolumn badness]: 0 on 425.45851pt
[leftcolumn badness]: 10000 on 425.45851pt
[rightcolumn badness]: 0 on 425.45851pt
[leftcolumn badness]: 10000 on 425.45851pt
[rightcolumn badness]: 0 on 425.45851pt
[leftcolumn badness]: 10000 on 425.45851pt
[rightcolumn badness]: 0 on 425.45851pt
[leftcolumn badness]: 10000 on 425.45851pt
[rightcolumn badness]: 0 on 425.45851pt
[leftcolumn badness]: 10000 on 425.45851pt
[rightcolumn badness]: 0 on 425.45851pt
[leftcolumn badness]: 10000 on 425.45851pt
[rightcolumn badness]: 0 on 425.45851pt
[leftcolumn badness]: 10000 on 425.45851pt
[rightcolumn badness]: 0 on 425.45851pt
[leftcolumn badness]: 10000 on 425.45851pt
[rightcolumn badness]: 0 on 425.45851pt
[leftcolumn badness]: 10000 on 425.45851pt
[rightcolumn badness]: 0 on 425.45851pt
[leftcolumn badness]: 10000 on 425.45851pt
[rightcolumn badness]: 0 on 425.45851pt
[leftcolumn badness]: 10000 on 425.45851pt
[rightcolumn badness]: 0 on 425.45851pt
[leftcolumn badness]: 10000 on 425.45851pt
[rightcolumn badness]: 0 on 425.45851pt
[leftcolumn badness]: 10000 on 425.45851pt
[rightcolumn badness]: 0 on 425.45851pt
[leftcolumn badness]: 10000 on 425.45851pt
[rightcolumn badness]: 0 on 425.45851pt
[leftcolumn badness]: 10000 on 425.45851pt
[rightcolumn badness]: 0 on 425.45851pt
[leftcolumn badness]: 10000 on 425.45851pt
[rightcolumn badness]: 0 on 425.45851pt
[leftcolumn badness]: 10000 on 425.45851pt
[rightcolumn badness]: 0 on 425.45851pt
[leftcolumn badness]: 10000 on 425.45851pt
[rightcolumn badness]: 0 on 425.45851pt
[leftcolumn badness]: 10000 on 425.45851pt
[rightcolumn badness]: 0 on 425.45851pt
[leftcolumn badness]: 10000 on 425.45851pt
[rightcolumn badness]: 0 on 425.45851pt
[leftcolumn badness]: 10000 on 425.45851pt
[rightcolumn badness]: 0 on 425.45851pt
[leftcolumn badness]: 10000 on 425.45851pt
[rightcolumn badness]: 0 on 425.45851pt
[leftcolumn badness]: 10000 on 425.45851pt
[rightcolumn badness]: 0 on 425.45851pt
[leftcolumn badness]: 10000 on 425.45851pt
[rightcolumn badness]: 0 on 425.45851pt
[leftcolumn badness]: 10000 on 425.45851pt
[rightcolumn badness]: 0 on 425.45851pt
[leftcolumn badness]: 10000 on 425.45851pt
[rightcolumn badness]: 0 on 425.45851pt
[leftcolumn badness]: 10000 on 425.45851pt
[rightcolumn badness]: 0 on 425.45851pt
[leftcolumn badness]: 10000 on 425.45851pt
[rightcolumn badness]: 0 on 425.45851pt
[leftcolumn badness]: 10000 on 425.45851pt
[rightcolumn badness]: 0 on 425.45851pt
[leftcolumn badness]: 10000 on 425.45851pt
[rightcolumn badness]: 0 on 425.45851pt
[leftcolumn badness]: 10000 on 425.45851pt
[rightcolumn badness]: 0 on 425.45851pt
[leftcolumn badness]: 10000 on 425.45851pt
[rightcolumn badness]: 0 on 425.45851pt
[leftcolumn badness]: 10000 on 425.45851pt
[rightcolumn badness]: 0 on 425.45851pt
[leftcolumn badness]: 10000 on 425.45851pt
[rightcolumn badness]: 0 on 425.45851pt
[leftcolumn badness]: 10000 on 425.45851pt
[rightcolumn badness]: 0 on 425.45851pt
[leftcolumn badness]: 10000 on 425.45851pt
[rightcolumn badness]: 0 on 425.45851pt
[leftcolumn badness]: 10000 on 425.45851pt
[rightcolumn badness]: 0 on 425.45851pt
- LAST -
Extra skip:425.45851pt
Left:425.45851pt/0.0pt
Right:0.0pt/0.0pt
Split: 425.72925pt
Output:425.72925pt
Pageshrink: 0.0pt
Pagestretch: 0.0pt
@colht:696.0pt
FLUSHEND [output]: 425.72925pt
FLUSHEND [leftcolumn badness]: 10000
FUSHEND [rightcolumn badness]: 0
[1
Non-PDF special ignored!{/usr/share/texlive/texmf-var/fonts/map/pdftex/updmap/pd
ftex.map}
! Interruption.
<write> 
l.501 \end{document}
                  
? x


Here is how much of LuaTeX's memory you used:
 48672 strings out of 478285
 100000,1977958 words of node,token memory allocated 2874 words of node memory still in use:
   71 hlist, 32 vlist, 20 rule, 4 local_par, 1 dir, 67 glue, 36 kern, 10 penalty
, 4 glyph, 88 attribute, 69 glue_spec, 88 attribute_list, 1 temp, 3 if_stack, 5 
write, 2 special, 16 pdf_literal, 7 pdf_dest, 32 pdf_colorstack nodes
   avail lists: 1:1,2:6,5:2
 67248 multiletter control sequences out of 65536+600000
 26 fonts using 2061967 bytes
 89i,6n,86p,818b,812s stack positions out of 5000i,500n,10000p,200000b,80000s

warning  (pdf backend): no pages of output.
! error:  (pdf backend): already written content discarded, no output file produ
ced.
!  ==> Fatal error occurred, no output PDF file produced!