This is pdfTeX, Version 3.14159265-2.6-1.40.17 (TeX Live 2016) (preloaded format=pdflatex 2017.4.25)  4 FEB 2025 15:38
entering extended mode
 restricted \write18 enabled.
 file:line:error style messages enabled.
 %&-line parsing enabled.
**styleguide.tex
(./styleguide.tex
LaTeX2e <2016/03/31>
Babel <3.9r> and hyphenation patterns for 83 language(s) loaded.
(./biometrika.cls
Document Class: biometrika 2009/25/05 v1.5 Standard LaTeX document class
\draftrule=\dimen102
\trimrule=\dimen103
(./Biomet-lineno.sty (./lineno.sty
Package: lineno 2005/11/02 line numbers on paragraphs v4.41
\linenopenalty=\count79
\output=\toks14
\linenoprevgraf=\count80
\linenumbersep=\dimen104
\linenumberwidth=\dimen105
\c@linenumber=\count81
\c@pagewiselinenumber=\count82
\c@LN@truepage=\count83
\c@internallinenumber=\count84
\c@internallinenumbers=\count85
\quotelinenumbersep=\dimen106
\bframerule=\dimen107
\bframesep=\dimen108
\bframebox=\box26
LaTeX Info: Redefining \\ on input line 3056.
))
\minute=\count86
\hour=\count87
\trimwidth=\dimen109
\trimheight=\dimen110
\typewidth=\dimen111
\typeheight=\dimen112
\tempdimen=\dimen113
\normaltextheight=\dimen114
\normalbaselineskip=\skip41
\blindfoliodrop=\dimen115
\enumdim=\dimen116
\figheight=\dimen117
\figwidth=\dimen118
\tabledim=\dimen119
\tableleftskip=\skip42
\tablerightskip=\skip43
\mathindent=\dimen120
\emathindent=\dimen121
\bibindent=\dimen122
\tempbox=\box27
\aucount=\count88
\affcount=\count89
\articlecount=\count90
\abbrebox=\box28
\c@part=\count91
\c@chapter=\count92
\c@section=\count93
\c@subsection=\count94
\topsepi=\skip44
\topsepii=\skip45
\topsepiii=\skip46
\itemsepi=\skip47
\itemsepii=\skip48
\itemsepiii=\skip49
\LabelSep=\dimen123
\deflistcount=\count95
\listtextleftmargin=\skip50
\listtextleftmarginii=\skip51
\listtextleftmarginiii=\skip52
\listtextrightmargin=\skip53
\listlabelleftskip=\skip54
\listlabelleftskipii=\skip55
\listlabelleftskipiii=\skip56
\abovelistskipi=\skip57
\belowlistskipi=\skip58
\abovelistskipii=\skip59
\belowlistskipii=\skip60
\abovelistskipiii=\skip61
\belowlistskipiii=\skip62
\labelsepi=\skip63
\labelsepii=\skip64
\labelsepiii=\skip65
\enumdimwd=\dimen124
\unnumlistindent=\dimen125
\itemleftmargin=\dimen126
\itemlabelsep=\dimen127
\c@ncount=\count96
\abovecaptionskip=\skip66
\belowcaptionskip=\skip67
\c@figure=\count97
\tempadimen=\dimen128

(/usr/local/texlive/2016/texmf-dist/tex/latex/graphics/graphics.sty
Package: graphics 2016/05/09 v1.0r Standard LaTeX Graphics (DPC,SPQR)

(/usr/local/texlive/2016/texmf-dist/tex/latex/graphics/trig.sty
Package: trig 2016/01/03 v1.10 sin cos tan (DPC)
)
(/usr/local/texlive/2016/texmf-dist/tex/latex/graphics-cfg/graphics.cfg
File: graphics.cfg 2016/01/02 v1.10 sample graphics configuration
)
Package graphics Info: Driver file: pdftex.def on input line 96.

(/usr/local/texlive/2016/texmf-dist/tex/latex/pdftex-def/pdftex.def
File: pdftex.def 2011/05/27 v0.06d Graphics/color for pdfTeX

(/usr/local/texlive/2016/texmf-dist/tex/generic/oberdiek/infwarerr.sty
Package: infwarerr 2016/05/16 v1.4 Providing info/warning/error messages (HO)
)
(/usr/local/texlive/2016/texmf-dist/tex/generic/oberdiek/ltxcmds.sty
Package: ltxcmds 2016/05/16 v1.23 LaTeX kernel commands for general use (HO)
)
\Gread@gobject=\count98
))
(/usr/local/texlive/2016/texmf-dist/tex/latex/graphics/graphicx.sty
Package: graphicx 2014/10/28 v1.0g Enhanced LaTeX Graphics (DPC,SPQR)

(/usr/local/texlive/2016/texmf-dist/tex/latex/graphics/keyval.sty
Package: keyval 2014/10/28 v1.15 key=value parser (DPC)
\KV@toks@=\toks15
)
\Gin@req@height=\dimen129
\Gin@req@width=\dimen130
)
\figtempbox=\box29
\c@table=\count99
\@footmax=\dimen131
LaTeX Font Info:    External font `cmex10' loaded for size
(Font)              <8> on input line 1331.
LaTeX Font Info:    External font `cmex10' loaded for size
(Font)              <6> on input line 1331.
LaTeX Font Info:    External font `cmex10' loaded for size
(Font)              <5> on input line 1331.
\bibindent=\dimen132
\bibleftmargin=\dimen133
\bibitemsep=\dimen134
\bibparsep=\dimen135
\bibtext=\dimen136
\biblabelsep=\dimen137
\bibleftmargini=\dimen138
\linecount=\count100
\tempcount=\count101

(./ntheorem.sty
Style `ntheorem', Version 1.24 <2004/09/20>
Package: ntheorem 2004/09/20 1.24
\theorem@style=\toks16
\theorem@@style=\toks17
\theorembodyfont=\toks18
\theoremnumbering=\toks19
\theorempreskipamount=\skip68
\theorempostskipamount=\skip69
\theoremindent=\dimen139
\theorem@indent=\dimen140
\theoremheaderfont=\toks20
\theoremseparator=\toks21
\theoremprework=\toks22
\theorempostwork=\toks23
\theoremsymbol=\toks24
\qedsymbol=\toks25
\theoremkeyword=\toks26
\qedsymbol=\toks27
\thm@topsepadd=\skip70
Package ntheorem Info: Option `thmmarks' loaded on input line 1031.
\c@endNonectr=\count102
\c@currNonectr=\count103
\mysavskip=\skip71
)
\c@currtheoremctr=\count104
\c@endtheoremctr=\count105
\c@theorem=\count106
\c@currlemmactr=\count107
\c@endlemmactr=\count108
\c@lemma=\count109
\c@currcorollaryctr=\count110
\c@endcorollaryctr=\count111
\c@corollary=\count112
\c@currpropositionctr=\count113
\c@endpropositionctr=\count114
\c@proposition=\count115
\c@currdefinitionctr=\count116
\c@enddefinitionctr=\count117
\c@definition=\count118
\c@currassumptionctr=\count119
\c@endassumptionctr=\count120
\c@assumption=\count121
\c@currremarkctr=\count122
\c@endremarkctr=\count123
\c@remark=\count124
\c@currstepctr=\count125
\c@endstepctr=\count126
\c@step=\count127
\c@currconditionctr=\count128
\c@endconditionctr=\count129
\c@condition=\count130
\c@currpropertyctr=\count131
\c@endpropertyctr=\count132
\c@property=\count133
\c@currrestrictionsctr=\count134
\c@endrestrictionsctr=\count135
\c@restrictions=\count136
\c@currexamplectr=\count137
\c@endexamplectr=\count138
\c@example=\count139
\c@curralgoctr=\count140
\c@endalgoctr=\count141
\c@algo=\count142
\c@currproofctr=\count143
\c@endproofctr=\count144
\c@proof=\count145
 (/usr/local/texlive/2016/texmf-dist/tex/latex/natbib/natbib.sty
Package: natbib 2010/09/13 8.31b (PWD, AO)
\bibhang=\skip72
\bibsep=\skip73
LaTeX Info: Redefining \cite on input line 694.
\c@NAT@ctr=\count146
))
(/usr/local/texlive/2016/texmf-dist/tex/latex/amsmath/amsmath.sty
Package: amsmath 2016/03/10 v2.15b AMS math features
\@mathmargin=\skip74

For additional information on amsmath, use the `?' option.
(/usr/local/texlive/2016/texmf-dist/tex/latex/amsmath/amstext.sty
Package: amstext 2000/06/29 v2.01 AMS text

(/usr/local/texlive/2016/texmf-dist/tex/latex/amsmath/amsgen.sty
File: amsgen.sty 1999/11/30 v2.0 generic functions
\@emptytoks=\toks28
\ex@=\dimen141
)
LaTeX Info: Redefining \text on input line 28.
)
(/usr/local/texlive/2016/texmf-dist/tex/latex/amsmath/amsbsy.sty
Package: amsbsy 1999/11/29 v1.2d Bold Symbols
\pmbraise@=\dimen142
)
(/usr/local/texlive/2016/texmf-dist/tex/latex/amsmath/amsopn.sty
Package: amsopn 2016/03/08 v2.02 operator names
)
\inf@bad=\count147
LaTeX Info: Redefining \frac on input line 199.
\uproot@=\count148
\leftroot@=\count149
LaTeX Info: Redefining \overline on input line 297.
\classnum@=\count150
\DOTSCASE@=\count151
LaTeX Info: Redefining \ldots on input line 394.
LaTeX Info: Redefining \dots on input line 397.
LaTeX Info: Redefining \cdots on input line 518.
\Mathstrutbox@=\box30
\strutbox@=\box31
\big@size=\dimen143
LaTeX Font Info:    Redeclaring font encoding OML on input line 634.
LaTeX Font Info:    Redeclaring font encoding OMS on input line 635.
\macc@depth=\count152
\c@MaxMatrixCols=\count153
\dotsspace@=\muskip10
\c@parentequation=\count154
\dspbrk@lvl=\count155
\tag@help=\toks29
\row@=\count156
\column@=\count157
\maxfields@=\count158
\andhelp@=\toks30
\eqnshift@=\dimen144
\alignsep@=\dimen145
\tagshift@=\dimen146
\tagwidth@=\dimen147
\totwidth@=\dimen148
\lineht@=\dimen149
\@envbody=\toks31
\multlinegap=\skip75
\multlinetaggap=\skip76
\mathdisplay@stack=\toks32
LaTeX Info: Redefining \[ on input line 2739.
LaTeX Info: Redefining \] on input line 2740.
)
(/usr/local/texlive/2016/texmf-dist/tex/latex/newtx/newtxtext.sty
Package: newtxtext 2016/03/27 v1.466

`newtxtext' v1.466, 2016/03/27 Text macros taking advantage of TeX-Gyre Termes 
fonts (msharpe)
(/usr/local/texlive/2016/texmf-dist/tex/latex/fontaxes/fontaxes.sty
Package: fontaxes 2014/03/23 v1.0d Font selection axes
LaTeX Info: Redefining \upshape on input line 29.
LaTeX Info: Redefining \itshape on input line 31.
LaTeX Info: Redefining \slshape on input line 33.
LaTeX Info: Redefining \scshape on input line 37.
)
\ntx@fs=\dimen150

(/usr/local/texlive/2016/texmf-dist/tex/latex/xkeyval/xkeyval.sty
Package: xkeyval 2014/12/03 v2.7a package option processing (HA)

(/usr/local/texlive/2016/texmf-dist/tex/generic/xkeyval/xkeyval.tex
(/usr/local/texlive/2016/texmf-dist/tex/generic/xkeyval/xkvutils.tex
\XKV@toks=\toks33
\XKV@tempa@toks=\toks34
)
\XKV@depth=\count159
File: xkeyval.tex 2014/12/03 v2.7a key=value parser (HA)
))
(/usr/local/texlive/2016/texmf-dist/tex/latex/etoolbox/etoolbox.sty
Package: etoolbox 2015/08/02 v2.2a e-TeX tools for LaTeX (JAW)
\etb@tempcnta=\count160
)
(/usr/local/texlive/2016/texmf-dist/tex/latex/base/fontenc.sty
Package: fontenc 2005/09/27 v1.99g Standard LaTeX package

(/usr/local/texlive/2016/texmf-dist/tex/latex/base/t1enc.def
File: t1enc.def 2005/09/27 v1.99g Standard LaTeX file
LaTeX Font Info:    Redeclaring font encoding T1 on input line 48.
))
(/usr/local/texlive/2016/texmf-dist/tex/latex/base/textcomp.sty
Package: textcomp 2005/09/27 v1.99g Standard LaTeX package
Package textcomp Info: Sub-encoding information:
(textcomp)               5 = only ISO-Adobe without \textcurrency
(textcomp)               4 = 5 + \texteuro
(textcomp)               3 = 4 + \textohm
(textcomp)               2 = 3 + \textestimated + \textcurrency
(textcomp)               1 = TS1 - \textcircled - \t
(textcomp)               0 = TS1 (full)
(textcomp)             Font families with sub-encoding setting implement
(textcomp)             only a restricted character set as indicated.
(textcomp)             Family '?' is the default used for unknown fonts.
(textcomp)             See the documentation for details.
Package textcomp Info: Setting ? sub-encoding to TS1/1 on input line 79.
Package textcomp Info: Changing ? sub-encoding to TS1/0 on input line 80.

(/usr/local/texlive/2016/texmf-dist/tex/latex/base/ts1enc.def
File: ts1enc.def 2001/06/05 v3.0e (jk/car/fm) Standard LaTeX file
)
LaTeX Info: Redefining \oldstylenums on input line 334.
Package textcomp Info: Setting cmr sub-encoding to TS1/0 on input line 349.
Package textcomp Info: Setting cmss sub-encoding to TS1/0 on input line 350.
Package textcomp Info: Setting cmtt sub-encoding to TS1/0 on input line 351.
Package textcomp Info: Setting cmvtt sub-encoding to TS1/0 on input line 352.
Package textcomp Info: Setting cmbr sub-encoding to TS1/0 on input line 353.
Package textcomp Info: Setting cmtl sub-encoding to TS1/0 on input line 354.
Package textcomp Info: Setting ccr sub-encoding to TS1/0 on input line 355.
Package textcomp Info: Setting ptm sub-encoding to TS1/4 on input line 356.
Package textcomp Info: Setting pcr sub-encoding to TS1/4 on input line 357.
Package textcomp Info: Setting phv sub-encoding to TS1/4 on input line 358.
Package textcomp Info: Setting ppl sub-encoding to TS1/3 on input line 359.
Package textcomp Info: Setting pag sub-encoding to TS1/4 on input line 360.
Package textcomp Info: Setting pbk sub-encoding to TS1/4 on input line 361.
Package textcomp Info: Setting pnc sub-encoding to TS1/4 on input line 362.
Package textcomp Info: Setting pzc sub-encoding to TS1/4 on input line 363.
Package textcomp Info: Setting bch sub-encoding to TS1/4 on input line 364.
Package textcomp Info: Setting put sub-encoding to TS1/5 on input line 365.
Package textcomp Info: Setting uag sub-encoding to TS1/5 on input line 366.
Package textcomp Info: Setting ugq sub-encoding to TS1/5 on input line 367.
Package textcomp Info: Setting ul8 sub-encoding to TS1/4 on input line 368.
Package textcomp Info: Setting ul9 sub-encoding to TS1/4 on input line 369.
Package textcomp Info: Setting augie sub-encoding to TS1/5 on input line 370.
Package textcomp Info: Setting dayrom sub-encoding to TS1/3 on input line 371.
Package textcomp Info: Setting dayroms sub-encoding to TS1/3 on input line 372.

Package textcomp Info: Setting pxr sub-encoding to TS1/0 on input line 373.
Package textcomp Info: Setting pxss sub-encoding to TS1/0 on input line 374.
Package textcomp Info: Setting pxtt sub-encoding to TS1/0 on input line 375.
Package textcomp Info: Setting txr sub-encoding to TS1/0 on input line 376.
Package textcomp Info: Setting txss sub-encoding to TS1/0 on input line 377.
Package textcomp Info: Setting txtt sub-encoding to TS1/0 on input line 378.
Package textcomp Info: Setting lmr sub-encoding to TS1/0 on input line 379.
Package textcomp Info: Setting lmdh sub-encoding to TS1/0 on input line 380.
Package textcomp Info: Setting lmss sub-encoding to TS1/0 on input line 381.
Package textcomp Info: Setting lmssq sub-encoding to TS1/0 on input line 382.
Package textcomp Info: Setting lmvtt sub-encoding to TS1/0 on input line 383.
Package textcomp Info: Setting lmtt sub-encoding to TS1/0 on input line 384.
Package textcomp Info: Setting qhv sub-encoding to TS1/0 on input line 385.
Package textcomp Info: Setting qag sub-encoding to TS1/0 on input line 386.
Package textcomp Info: Setting qbk sub-encoding to TS1/0 on input line 387.
Package textcomp Info: Setting qcr sub-encoding to TS1/0 on input line 388.
Package textcomp Info: Setting qcs sub-encoding to TS1/0 on input line 389.
Package textcomp Info: Setting qpl sub-encoding to TS1/0 on input line 390.
Package textcomp Info: Setting qtm sub-encoding to TS1/0 on input line 391.
Package textcomp Info: Setting qzc sub-encoding to TS1/0 on input line 392.
Package textcomp Info: Setting qhvc sub-encoding to TS1/0 on input line 393.
Package textcomp Info: Setting futs sub-encoding to TS1/4 on input line 394.
Package textcomp Info: Setting futx sub-encoding to TS1/4 on input line 395.
Package textcomp Info: Setting futj sub-encoding to TS1/4 on input line 396.
Package textcomp Info: Setting hlh sub-encoding to TS1/3 on input line 397.
Package textcomp Info: Setting hls sub-encoding to TS1/3 on input line 398.
Package textcomp Info: Setting hlst sub-encoding to TS1/3 on input line 399.
Package textcomp Info: Setting hlct sub-encoding to TS1/5 on input line 400.
Package textcomp Info: Setting hlx sub-encoding to TS1/5 on input line 401.
Package textcomp Info: Setting hlce sub-encoding to TS1/5 on input line 402.
Package textcomp Info: Setting hlcn sub-encoding to TS1/5 on input line 403.
Package textcomp Info: Setting hlcw sub-encoding to TS1/5 on input line 404.
Package textcomp Info: Setting hlcf sub-encoding to TS1/5 on input line 405.
Package textcomp Info: Setting pplx sub-encoding to TS1/3 on input line 406.
Package textcomp Info: Setting pplj sub-encoding to TS1/3 on input line 407.
Package textcomp Info: Setting ptmx sub-encoding to TS1/4 on input line 408.
Package textcomp Info: Setting ptmj sub-encoding to TS1/4 on input line 409.
) 
Babel
LaTeX Font Info:    Try loading font information for T1+ntxtlf on input line 25
0.
(/usr/local/texlive/2016/texmf-dist/tex/latex/newtx/t1ntxtlf.fd
File: t1ntxtlf.fd 2015/01/17 v1.0 font definition file for T1/ntx/tlf
)
LaTeX Font Info:    Font shape `T1/ntxtlf/m/n' will be
(Font)              scaled to size 10.95pt on input line 250.
)
(/usr/local/texlive/2016/texmf-dist/tex/latex/newtx/newtxmath.sty
Package: newtxmath 2016/03/27 v1.466

`newtxmath' v1.466, 2016/03/27 Math macros based on txfonts (msharpe)
(/usr/local/texlive/2016/texmf-dist/tex/generic/ifxetex/ifxetex.sty
Package: ifxetex 2010/09/12 v0.6 Provides ifxetex conditional
)
(/usr/local/texlive/2016/texmf-dist/tex/generic/oberdiek/ifluatex.sty
Package: ifluatex 2016/05/16 v1.4 Provides the ifluatex switch (HO)
Package ifluatex Info: LuaTeX not detected.
)
(/usr/local/texlive/2016/texmf-dist/tex/generic/kastrup/binhex.tex)
\tx@Isdigit=\count161
LaTeX Font Info:    Redeclaring symbol font `operators' on input line 137.
LaTeX Font Info:    Overwriting symbol font `operators' in version `normal'
(Font)                  OT1/cmr/m/n --> OT1/ntxtlf/m/n on input line 137.
LaTeX Font Info:    Overwriting symbol font `operators' in version `bold'
(Font)                  OT1/cmr/bx/n --> OT1/ntxtlf/m/n on input line 137.
LaTeX Font Info:    Overwriting symbol font `operators' in version `bold'
(Font)                  OT1/ntxtlf/m/n --> OT1/ntxtlf/b/n on input line 138.
LaTeX Font Info:    Redeclaring math alphabet \mathsf on input line 144.
LaTeX Font Info:    Overwriting math alphabet `\mathsf' in version `normal'
(Font)                  OT1/cmss/m/n --> T1/qhv/m/n on input line 144.
LaTeX Font Info:    Overwriting math alphabet `\mathsf' in version `bold'
(Font)                  OT1/cmss/bx/n --> T1/qhv/m/n on input line 144.
LaTeX Font Info:    Redeclaring math alphabet \mathit on input line 145.
LaTeX Font Info:    Overwriting math alphabet `\mathit' in version `normal'
(Font)                  OT1/cmr/m/it --> OT1/ntxtlf/m/it on input line 145.
LaTeX Font Info:    Overwriting math alphabet `\mathit' in version `bold'
(Font)                  OT1/cmr/bx/it --> OT1/ntxtlf/m/it on input line 145.
LaTeX Font Info:    Redeclaring math alphabet \mathtt on input line 146.
LaTeX Font Info:    Overwriting math alphabet `\mathtt' in version `normal'
(Font)                  OT1/cmtt/m/n --> T1/ntxtt/m/n on input line 146.
LaTeX Font Info:    Overwriting math alphabet `\mathtt' in version `bold'
(Font)                  OT1/cmtt/m/n --> T1/ntxtt/m/n on input line 146.
LaTeX Font Info:    Redeclaring math alphabet \mathbf on input line 148.
LaTeX Font Info:    Overwriting math alphabet `\mathbf' in version `normal'
(Font)                  OT1/cmr/bx/n --> OT1/ntxtlf/b/n on input line 148.
LaTeX Font Info:    Overwriting math alphabet `\mathbf' in version `bold'
(Font)                  OT1/cmr/bx/n --> OT1/ntxtlf/b/n on input line 148.
LaTeX Font Info:    Overwriting math alphabet `\mathit' in version `bold'
(Font)                  OT1/ntxtlf/m/it --> OT1/ntxtlf/b/it on input line 149.
LaTeX Font Info:    Overwriting math alphabet `\mathsf' in version `bold'
(Font)                  T1/qhv/m/n --> T1/qhv/b/n on input line 150.
LaTeX Font Info:    Overwriting math alphabet `\mathtt' in version `bold'
(Font)                  T1/ntxtt/m/n --> T1/ntxtt/b/n on input line 151.
LaTeX Font Info:    Redeclaring symbol font `letters' on input line 197.
LaTeX Font Info:    Overwriting symbol font `letters' in version `normal'
(Font)                  OML/cmm/m/it --> OML/ntxmi/m/it on input line 197.
LaTeX Font Info:    Overwriting symbol font `letters' in version `bold'
(Font)                  OML/cmm/b/it --> OML/ntxmi/m/it on input line 197.
LaTeX Font Info:    Overwriting symbol font `letters' in version `bold'
(Font)                  OML/ntxmi/m/it --> OML/ntxmi/b/it on input line 198.
\symlettersA=\mathgroup4
LaTeX Font Info:    Overwriting symbol font `lettersA' in version `bold'
(Font)                  U/ntxmia/m/it --> U/ntxmia/b/it on input line 213.
LaTeX Font Info:    Redeclaring symbol font `symbols' on input line 221.
LaTeX Font Info:    Overwriting symbol font `symbols' in version `normal'
(Font)                  OMS/cmsy/m/n --> OMS/ntxsy/m/n on input line 221.
LaTeX Font Info:    Overwriting symbol font `symbols' in version `bold'
(Font)                  OMS/cmsy/b/n --> OMS/ntxsy/m/n on input line 221.
LaTeX Font Info:    Overwriting symbol font `symbols' in version `bold'
(Font)                  OMS/ntxsy/m/n --> OMS/ntxsy/b/n on input line 222.
\symAMSm=\mathgroup5
LaTeX Font Info:    Overwriting symbol font `AMSm' in version `bold'
(Font)                  U/ntxsym/m/n --> U/ntxsym/b/n on input line 242.
\symsymbolsC=\mathgroup6
LaTeX Font Info:    Overwriting symbol font `symbolsC' in version `bold'
(Font)                  U/ntxsyc/m/n --> U/ntxsyc/b/n on input line 263.
LaTeX Font Info:    Redeclaring symbol font `largesymbols' on input line 276.
LaTeX Font Info:    Encoding `OMX' has changed to `LMX' for symbol font
(Font)              `largesymbols' in the math version `normal' on input line 2
76.
LaTeX Font Info:    Overwriting symbol font `largesymbols' in version `normal'
(Font)                  OMX/cmex/m/n --> LMX/ntxexx/m/n on input line 276.
LaTeX Font Info:    Encoding `OMX' has changed to `LMX' for symbol font
(Font)              `largesymbols' in the math version `bold' on input line 276
.
LaTeX Font Info:    Overwriting symbol font `largesymbols' in version `bold'
(Font)                  OMX/cmex/m/n --> LMX/ntxexx/m/n on input line 276.
LaTeX Font Info:    Overwriting symbol font `largesymbols' in version `bold'
(Font)                  LMX/ntxexx/m/n --> LMX/ntxexx/b/n on input line 277.
\symlargesymbolsTXA=\mathgroup7
LaTeX Font Info:    Overwriting symbol font `largesymbolsTXA' in version `bold'

(Font)                  U/ntxexa/m/n --> U/ntxexa/b/n on input line 291.
LaTeX Info: Redefining \not on input line 1749.
)
(/usr/local/texlive/2016/texmf-dist/tex/latex/algorithm2e/algorithm2e.sty
Package: algorithm2e 2013/01/06 v5.00 algorithms environments
\c@AlgoLine=\count162

(/usr/local/texlive/2016/texmf-dist/tex/latex/base/ifthen.sty
Package: ifthen 2014/09/29 v1.1c Standard LaTeX ifthen package (DPC)
)
\algocf@hangindent=\skip77

(/usr/local/texlive/2016/texmf-dist/tex/latex/tools/xspace.sty
Package: xspace 2014/10/28 v1.13 Space after command names (DPC,MH)
)
(/usr/local/texlive/2016/texmf-dist/tex/latex/relsize/relsize.sty
Package: relsize 2013/03/29 ver 4.1
)
********************************************************
Package `algorithm2e' Release 5.1 -- october 19 2015 --
- algorithm2e-announce@lirmm.fr mailing list for announcement about releases
- algorithm2e-discussion@lirmm.fr mailing list for discussion about package
subscribe by emailing sympa@lirmm.fr with 'subscribe <list> <firstname name>'
- Author: Christophe Fiorio (christophe.fiorio@umontpellier.fr)
********************************************************
\skiptotal=\skip78
\skiplinenumber=\skip79
\skiprule=\skip80
\skiphlne=\skip81
\skiptext=\skip82
\skiplength=\skip83
\algomargin=\skip84
\skipalgocfslide=\skip85
\algowidth=\dimen151
\inoutsize=\dimen152
\inoutindent=\dimen153
\interspacetitleruled=\dimen154
\interspacealgoruled=\dimen155
\interspacetitleboxruled=\dimen156
\algocf@ruledwidth=\skip86
\algocf@inoutbox=\box32
\algocf@inputbox=\box33
\AlCapSkip=\skip87
\AlCapHSkip=\skip88
\algoskipindent=\skip89
\algocf@nlbox=\box34
\algocf@hangingbox=\box35
\algocf@untilbox=\box36
\algocf@skipuntil=\skip90
\algocf@capbox=\box37
\algoheightruledefault=\skip91
\algoheightrule=\skip92
\algotitleheightruledefault=\skip93
\algotitleheightrule=\skip94
\c@algocfline=\count163
\c@algocfproc=\count164
\c@algocf=\count165
\algocf@algoframe=\box38
\algocf@algobox=\box39
) (./styleguide.aux)
\openout1 = `styleguide.aux'.

LaTeX Font Info:    Checking defaults for OML/ntxmi/m/it on input line 51.
LaTeX Font Info:    Try loading font information for OML+ntxmi on input line 51
.

(/usr/local/texlive/2016/texmf-dist/tex/latex/newtx/omlntxmi.fd
File: omlntxmi.fd 2015/08/25 Fontinst v1.933 font definitions for OML/ntxmi.
)
LaTeX Font Info:    ... okay on input line 51.
LaTeX Font Info:    Checking defaults for T1/cmr/m/n on input line 51.
LaTeX Font Info:    ... okay on input line 51.
LaTeX Font Info:    Checking defaults for OT1/cmr/m/n on input line 51.
LaTeX Font Info:    ... okay on input line 51.
LaTeX Font Info:    Checking defaults for OMS/ntxsy/m/n on input line 51.
LaTeX Font Info:    Try loading font information for OMS+ntxsy on input line 51
.

(/usr/local/texlive/2016/texmf-dist/tex/latex/newtx/omsntxsy.fd
File: omsntxsy.fd 2012/11/14 Fontinst v1.933 font definitions for OMS/ntxsy.
)
LaTeX Font Info:    ... okay on input line 51.
LaTeX Font Info:    Checking defaults for OMX/cmex/m/n on input line 51.
LaTeX Font Info:    ... okay on input line 51.
LaTeX Font Info:    Checking defaults for U/ntxexa/m/n on input line 51.
LaTeX Font Info:    Try loading font information for U+ntxexa on input line 51.


(/usr/local/texlive/2016/texmf-dist/tex/latex/newtx/untxexa.fd
File: untxexa.fd 2012/04/16 Fontinst v1.933 font definitions for U/ntxexa.
)
LaTeX Font Info:    ... okay on input line 51.
LaTeX Font Info:    Checking defaults for TS1/cmr/m/n on input line 51.
LaTeX Font Info:    Try loading font information for TS1+cmr on input line 51.

(/usr/local/texlive/2016/texmf-dist/tex/latex/base/ts1cmr.fd
File: ts1cmr.fd 2014/09/29 v2.5h Standard LaTeX font definitions
)
LaTeX Font Info:    ... okay on input line 51.
LaTeX Font Info:    Checking defaults for LMX/ntxexx/m/n on input line 51.
LaTeX Font Info:    ... okay on input line 51.

(/usr/local/texlive/2016/texmf-dist/tex/context/base/mkii/supp-pdf.mkii
[Loading MPS to PDF converter (version 2006.09.02).]
\scratchcounter=\count166
\scratchdimen=\dimen157
\scratchbox=\box40
\nofMPsegments=\count167
\nofMParguments=\count168
\everyMPshowfont=\toks35
\MPscratchCnt=\count169
\MPscratchDim=\dimen158
\MPnumerator=\count170
\makeMPintoPDFobject=\count171
\everyMPtoPDFconversion=\toks36
) (/usr/local/texlive/2016/texmf-dist/tex/generic/oberdiek/pdftexcmds.sty
Package: pdftexcmds 2016/05/10 v0.21 Utility functions of pdfTeX for LuaTeX (HO
)

(/usr/local/texlive/2016/texmf-dist/tex/generic/oberdiek/ifpdf.sty
Package: ifpdf 2016/05/14 v3.1 Provides the ifpdf switch
)
Package pdftexcmds Info: LuaTeX not detected.
Package pdftexcmds Info: \pdf@primitive is available.
Package pdftexcmds Info: \pdf@ifprimitive is available.
Package pdftexcmds Info: \pdfdraftmode found.
)
(/usr/local/texlive/2016/texmf-dist/tex/latex/oberdiek/epstopdf-base.sty
Package: epstopdf-base 2016/05/15 v2.6 Base part for package epstopdf

(/usr/local/texlive/2016/texmf-dist/tex/latex/oberdiek/grfext.sty
Package: grfext 2016/05/16 v1.2 Manage graphics extensions (HO)

(/usr/local/texlive/2016/texmf-dist/tex/generic/oberdiek/kvdefinekeys.sty
Package: kvdefinekeys 2016/05/16 v1.4 Define keys (HO)
))
(/usr/local/texlive/2016/texmf-dist/tex/latex/oberdiek/kvoptions.sty
Package: kvoptions 2016/05/16 v3.12 Key value format for package options (HO)

(/usr/local/texlive/2016/texmf-dist/tex/generic/oberdiek/kvsetkeys.sty
Package: kvsetkeys 2016/05/16 v1.17 Key value parser (HO)

(/usr/local/texlive/2016/texmf-dist/tex/generic/oberdiek/etexcmds.sty
Package: etexcmds 2016/05/16 v1.6 Avoid name clashes with e-TeX commands (HO)
Package etexcmds Info: Could not find \expanded.
(etexcmds)             That can mean that you are not using pdfTeX 1.50 or
(etexcmds)             that some package has redefined \expanded.
(etexcmds)             In the latter case, load this package earlier.
)))
Package grfext Info: Graphics extension search list:
(grfext)             [.png,.pdf,.jpg,.mps,.jpeg,.jbig2,.jb2,.PNG,.PDF,.JPG,.JPE
G,.JBIG2,.JB2,.eps]
(grfext)             \AppendGraphicsExtensions on input line 456.

(/usr/local/texlive/2016/texmf-dist/tex/latex/latexconfig/epstopdf-sys.cfg
File: epstopdf-sys.cfg 2010/07/13 v1.3 Configuration of (r)epstopdf for TeX Liv
e
))
\c@mv@tabular=\count172
\c@mv@boldtabular=\count173
LaTeX Font Info:    Font shape `T1/ntxtlf/m/n' will be
(Font)              scaled to size 16.0pt on input line 88.
LaTeX Font Info:    Font shape `T1/ntxtlf/bx/n' in size <16> not available
(Font)              Font shape `T1/ntxtlf/b/n' tried instead on input line 88.
LaTeX Font Info:    Font shape `T1/ntxtlf/b/n' will be
(Font)              scaled to size 16.0pt on input line 88.
LaTeX Font Info:    Font shape `T1/ntxtlf/bx/it' in size <16> not available
(Font)              Font shape `T1/ntxtlf/b/it' tried instead on input line 88.

LaTeX Font Info:    Font shape `T1/ntxtlf/b/it' will be
(Font)              scaled to size 16.0pt on input line 88.
LaTeX Font Info:    Font shape `T1/ntxtlf/m/n' will be
(Font)              scaled to size 5.0pt on input line 88.
LaTeX Font Info:    Try loading font information for T1+qhv on input line 88.

(/usr/local/texlive/2016/texmf-dist/tex/latex/tex-gyre/t1qhv.fd
File: t1qhv.fd 2009/09/25 v1.2 font definition file for T1/qhv
)
LaTeX Font Info:    Font shape `T1/qhv/m/n' will be
(Font)              scaled to size 4.49997pt on input line 88.
LaTeX Font Info:    Try loading font information for OT1+ntxtlf on input line 8
8.

(/usr/local/texlive/2016/texmf-dist/tex/latex/newtx/ot1ntxtlf.fd
File: ot1ntxtlf.fd 2015/01/17 v1.0 font definition file for OT1/ntx/tlf
)
LaTeX Font Info:    Font shape `OT1/ntxtlf/m/n' will be
(Font)              scaled to size 10.95pt on input line 88.
LaTeX Font Info:    Font shape `OT1/ntxtlf/m/n' will be
(Font)              scaled to size 8.0pt on input line 88.
LaTeX Font Info:    Font shape `OT1/ntxtlf/m/n' will be
(Font)              scaled to size 6.1pt on input line 88.
LaTeX Font Info:    Try loading font information for U+ntxmia on input line 88.


(/usr/local/texlive/2016/texmf-dist/tex/latex/newtx/untxmia.fd
File: untxmia.fd 2012/04/16 Fontinst v1.933 font definitions for U/ntxmia.
)
LaTeX Font Info:    Try loading font information for U+ntxsym on input line 88.


(/usr/local/texlive/2016/texmf-dist/tex/latex/newtx/untxsym.fd
File: untxsym.fd 2015/03/20 Fontinst v1.933 font definitions for U/ntxsym.
)
LaTeX Font Info:    Try loading font information for U+ntxsyc on input line 88.


(/usr/local/texlive/2016/texmf-dist/tex/latex/newtx/untxsyc.fd
File: untxsyc.fd 2012/04/12 Fontinst v1.933 font definitions for U/ntxsyc.
)
LaTeX Font Info:    Font shape `T1/ntxtlf/m/n' will be
(Font)              scaled to size 11.0pt on input line 88.
LaTeX Font Info:    Font shape `T1/ntxtlf/m/sc' will be
(Font)              scaled to size 11.0pt on input line 88.
LaTeX Font Info:    Font shape `T1/ntxtlf/m/it' will be
(Font)              scaled to size 11.0pt on input line 88.
LaTeX Font Info:    Font shape `T1/ntxtlf/m/sc' will be
(Font)              scaled to size 10.95pt on input line 90.
LaTeX Font Info:    Font shape `T1/ntxtlf/m/n' will be
(Font)              scaled to size 9.0pt on input line 94.
LaTeX Font Info:    Font shape `T1/ntxtlf/m/it' will be
(Font)              scaled to size 9.0pt on input line 94.
LaTeX Font Info:    Font shape `T1/ntxtlf/m/it' will be
(Font)              scaled to size 10.95pt on input line 100.
LaTeX Font Info:    Font shape `T1/ntxtlf/m/n' will be
(Font)              scaled to size 8.0pt on input line 100.

Underfull \vbox (badness 10000) has occurred while \output is active []


Overfull \vbox (62.0pt too high) has occurred while \output is active []

LaTeX Font Info:    Font shape `T1/ntxtlf/m/it' will be
(Font)              scaled to size 8.0pt on input line 106.
LaTeX Font Info:    Font shape `T1/ntxtlf/bx/n' in size <8> not available
(Font)              Font shape `T1/ntxtlf/b/n' tried instead on input line 106.

LaTeX Font Info:    Font shape `T1/ntxtlf/b/n' will be
(Font)              scaled to size 8.0pt on input line 106.

Overfull \vbox (9.508pt too high) has occurred while \output is active []

LaTeX Font Info:    Font shape `T1/ntxtlf/m/n' will be
(Font)              scaled to size 7.0pt on input line 106.
LaTeX Font Info:    Font shape `T1/ntxtlf/m/n' will be
(Font)              scaled to size 5.5pt on input line 106.
LaTeX Font Info:    Font shape `OT1/ntxtlf/m/n' will be
(Font)              scaled to size 7.3pt on input line 106.
LaTeX Font Info:    Font shape `OT1/ntxtlf/m/n' will be
(Font)              scaled to size 5.5pt on input line 106.
 [1{/usr/local/texlive/2016/texmf-var/fonts/map/pdftex/updmap/pdftex.map}

]
Underfull \vbox (badness 1622) has occurred while \output is active []


Overfull \vbox (62.0pt too high) has occurred while \output is active []


Overfull \vbox (1.0022pt too high) has occurred while \output is active []


[2]
LaTeX Font Info:    Try loading font information for T1+ntxtt on input line 165
.
 (/usr/local/texlive/2016/texmf-dist/tex/latex/newtx/t1ntxtt.fd
File: t1ntxtt.fd 2012/04/20 v3.1
)
LaTeX Font Info:    Font shape `T1/ntxtt/m/n' will be
(Font)              scaled to size 10.95pt on input line 165.


Package amsmath Warning: Foreign command \atopwithdelims;
(amsmath)                \frac or \genfrac should be used instead
(amsmath)                 on input line 183.


Overfull \vbox (62.0pt too high) has occurred while \output is active []


Overfull \vbox (1.08pt too high) has occurred while \output is active []

 [3]
Package epstopdf Info: Source file: <./art/fig1.eps>
(epstopdf)                    date: 2024-06-04 17:22:08
(epstopdf)                    size: 1484350 bytes
(epstopdf)             Output file: <./art/fig1-eps-converted-to.pdf>
(epstopdf)                    date: 2024-06-04 17:22:08
(epstopdf)                    size: 70030 bytes
(epstopdf)             Command: <repstopdf --outfile=./art/fig1-eps-converted-t
o.pdf ./art/fig1.eps>
(epstopdf)             \includegraphics on input line 229.
Package epstopdf Info: Output file is already uptodate.


pdfTeX warning: /Library/TeX/texbin/pdflatex (file ./art/fig1-eps-converted-to.
pdf): PDF inclusion: found PDF version <1.7>, but at most version <1.5> allowed

<./art/fig1-eps-converted-to.pdf, id=30, 517.935pt x 359.3425pt>
File: ./art/fig1-eps-converted-to.pdf Graphic file (type pdf)

<use ./art/fig1-eps-converted-to.pdf>
Package pdftex.def Info: ./art/fig1-eps-converted-to.pdf used on input line 229
.
(pdftex.def)             Requested size: 310.76338pt x 215.60715pt.

Overfull \vbox (216.40715pt too high) detected at line 229
 []

LaTeX Font Info:    Font shape `T1/ntxtlf/bx/n' in size <9> not available
(Font)              Font shape `T1/ntxtlf/b/n' tried instead on input line 229.

LaTeX Font Info:    Font shape `T1/ntxtlf/b/n' will be
(Font)              scaled to size 9.0pt on input line 229.

Overfull \vbox (62.0pt too high) has occurred while \output is active []


Overfull \vbox (1.0022pt too high) has occurred while \output is active []


[4 <./art/fig1-eps-converted-to.pdf>]
LaTeX Font Info:    Font shape `OT1/ntxtlf/m/n' will be
(Font)              scaled to size 9.0pt on input line 261.

Overfull \vbox (62.0pt too high) has occurred while \output is active []


Overfull \vbox (1.08pt too high) has occurred while \output is active []

 [5]
Overfull \vbox (62.0pt too high) has occurred while \output is active []


Overfull \vbox (1.0022pt too high) has occurred while \output is active []


[6]
LaTeX Font Info:    Font shape `T1/ntxtlf/m/n' will be
(Font)              scaled to size 10.0pt on input line 456.
LaTeX Font Info:    Font shape `T1/ntxtlf/m/sc' will be
(Font)              scaled to size 10.0pt on input line 459.
LaTeX Font Info:    Font shape `T1/ntxtlf/m/it' will be
(Font)              scaled to size 10.0pt on input line 460.
LaTeX Font Info:    Font shape `OT1/ntxtlf/m/n' will be
(Font)              scaled to size 10.0pt on input line 466.

Overfull \vbox (62.0pt too high) has occurred while \output is active []


Overfull \vbox (1.08pt too high) has occurred while \output is active []

 [7]
(./styleguide.bbl
LaTeX Font Info:    Font shape `T1/ntxtlf/m/sc' will be
(Font)              scaled to size 9.0pt on input line 6.
)
\tf@thm=\write3
\openout3 = `styleguide.thm'.


Overfull \vbox (62.0pt too high) has occurred while \output is active []


Overfull \vbox (1.0022pt too high) has occurred while \output is active []


[8] (./styleguide.aux) )
(\end occurred inside a group at level 1)

### simple group (level 1) entered at line 1061 ({)
### bottom level 
Here is how much of TeX's memory you used:
 7326 strings out of 493014
 98773 string characters out of 6133351
 172069 words of memory out of 5000000
 10654 multiletter control sequences out of 15000+600000
 123667 words of font info for 177 fonts, out of 8000000 for 9000
 1141 hyphenation exceptions out of 8191
 38i,12n,36p,875b,2107s stack positions out of 5000i,500n,10000p,200000b,80000s
{/usr/local/texlive/2016/texmf-dist/fonts/enc/dvips/newtx/ntx-o
t1-tlf.enc}{/usr/local/texlive/2016/texmf-dist/fonts/enc/dvips/base/8r.enc}{/us
r/local/texlive/2016/texmf-dist/fonts/enc/dvips/tex-gyre/q-ec.enc}{/usr/local/t
exlive/2016/texmf-dist/fonts/enc/dvips/newtx/ntx-ec-tlf-sc.enc}{/usr/local/texl
ive/2016/texmf-dist/fonts/enc/dvips/newtx/ntx-ec-tlf.enc}</usr/local/texlive/20
16/texmf-dist/fonts/type1/public/amsfonts/symbols/msam10.pfb></usr/local/texliv
e/2016/texmf-dist/fonts/type1/public/tex-gyre/qhvr.pfb></usr/local/texlive/2016
/texmf-dist/fonts/type1/public/tex-gyre/qtmb.pfb></usr/local/texlive/2016/texmf
-dist/fonts/type1/public/tex-gyre/qtmbi.pfb></usr/local/texlive/2016/texmf-dist
/fonts/type1/public/tex-gyre/qtmr.pfb></usr/local/texlive/2016/texmf-dist/fonts
/type1/public/tex-gyre/qtmri.pfb></usr/local/texlive/2016/texmf-dist/fonts/type
1/public/newtx/rntxmi.pfb></usr/local/texlive/2016/texmf-dist/fonts/type1/publi
c/newtx/rntxmi7.pfb></usr/local/texlive/2016/texmf-dist/fonts/type1/public/txfo
nts/rtxmi.pfb></usr/local/texlive/2016/texmf-dist/fonts/type1/public/newtx/rtxm
i7.pfb></usr/local/texlive/2016/texmf-dist/fonts/type1/public/txfonts/rtxr.pfb>
</usr/local/texlive/2016/texmf-dist/fonts/type1/public/txfonts/t1xtt.pfb></usr/
local/texlive/2016/texmf-dist/fonts/type1/public/newtx/txex-bar.pfb></usr/local
/texlive/2016/texmf-dist/fonts/type1/public/txfonts/txex.pfb></usr/local/texliv
e/2016/texmf-dist/fonts/type1/public/txfonts/txmia.pfb></usr/local/texlive/2016
/texmf-dist/fonts/type1/public/txfonts/txsy.pfb></usr/local/texlive/2016/texmf-
dist/fonts/type1/urw/times/utmr8a.pfb></usr/local/texlive/2016/texmf-dist/fonts
/type1/urw/times/utmri8a.pfb>
Output written on styleguide.pdf (8 pages, 270408 bytes).
PDF statistics:
 120 PDF objects out of 1000 (max. 8388607)
 88 compressed objects within 1 object stream
 0 named destinations out of 1000 (max. 500000)
 6 words of extra memory for PDF output out of 10000 (max. 10000000)

